12:43:14    Loading dataset...
12:43:14    	On dir 0 of 141
12:43:14    	On dir 1 of 141
12:43:14    	On dir 2 of 141
12:43:16    	On dir 3 of 141
12:43:16    	On dir 4 of 141
12:43:17    	On dir 5 of 141
12:43:17    	On dir 6 of 141
12:43:17    	On dir 7 of 141
12:43:17    	On dir 8 of 141
12:43:18    	On dir 9 of 141
12:43:18    	On dir 10 of 141
12:43:18    	On dir 11 of 141
12:43:22    	On dir 12 of 141
12:43:22    	On dir 13 of 141
12:43:22    	On dir 14 of 141
12:43:26    	On dir 15 of 141
12:43:27    	On dir 16 of 141
12:43:27    	On dir 17 of 141
12:43:30    	On dir 18 of 141
12:43:31    	On dir 19 of 141
12:43:32    	On dir 20 of 141
12:43:32    	On dir 21 of 141
12:43:33    	On dir 22 of 141
12:43:33    	On dir 23 of 141
12:43:34    	On dir 24 of 141
12:43:35    	On dir 25 of 141
12:43:35    	On dir 26 of 141
12:43:37    	On dir 27 of 141
12:43:38    	On dir 28 of 141
12:43:39    	On dir 29 of 141
12:43:39    	On dir 30 of 141
12:43:43    	On dir 31 of 141
12:43:43    	On dir 32 of 141
12:43:44    	On dir 33 of 141
12:43:46    	On dir 34 of 141
12:43:46    	On dir 35 of 141
12:43:49    	On dir 36 of 141
12:43:50    	On dir 37 of 141
12:43:50    	On dir 38 of 141
12:43:51    	On dir 39 of 141
12:43:52    	On dir 40 of 141
12:43:52    	On dir 41 of 141
12:43:55    	On dir 42 of 141
12:43:57    	On dir 43 of 141
12:43:58    	On dir 44 of 141
12:44:03    	On dir 45 of 141
12:44:05    	On dir 46 of 141
12:44:05    	On dir 47 of 141
12:44:06    	On dir 48 of 141
12:44:09    	On dir 49 of 141
12:44:13    	On dir 50 of 141
12:44:14    	On dir 51 of 141
12:44:14    	On dir 52 of 141
12:44:16    	On dir 53 of 141
12:44:18    	On dir 54 of 141
12:44:19    	On dir 55 of 141
12:44:24    	On dir 56 of 141
12:44:25    	On dir 57 of 141
12:44:26    	On dir 58 of 141
12:44:29    	On dir 59 of 141
12:44:29    	On dir 60 of 141
12:44:30    	On dir 61 of 141
12:44:30    	On dir 62 of 141
12:44:31    	On dir 63 of 141
12:44:32    	On dir 64 of 141
12:44:33    	On dir 65 of 141
12:44:34    	On dir 66 of 141
12:44:40    	On dir 67 of 141
12:44:41    	On dir 68 of 141
12:44:42    	On dir 69 of 141
12:44:42    	On dir 70 of 141
12:44:42    	On dir 71 of 141
12:44:43    	On dir 72 of 141
12:44:43    	On dir 73 of 141
12:44:47    	On dir 74 of 141
12:44:47    	On dir 75 of 141
12:44:48    	On dir 76 of 141
12:44:49    	On dir 77 of 141
12:44:49    	On dir 78 of 141
12:44:52    	On dir 79 of 141
12:44:52    	On dir 80 of 141
12:44:53    	On dir 81 of 141
12:44:54    	On dir 82 of 141
12:44:54    	On dir 83 of 141
12:44:54    	On dir 84 of 141
12:44:55    	On dir 85 of 141
12:44:58    	On dir 86 of 141
12:44:58    	On dir 87 of 141
12:44:59    	On dir 88 of 141
12:44:59    	On dir 89 of 141
12:45:02    	On dir 90 of 141
12:45:02    	On dir 91 of 141
12:45:03    	On dir 92 of 141
12:45:04    	On dir 93 of 141
12:45:04    	On dir 94 of 141
12:45:04    	On dir 95 of 141
12:45:09    	On dir 96 of 141
12:45:09    	On dir 97 of 141
12:45:10    	On dir 98 of 141
12:45:11    	On dir 99 of 141
12:45:15    	On dir 100 of 141
12:45:17    	On dir 101 of 141
12:45:18    	On dir 102 of 141
12:45:18    	On dir 103 of 141
12:45:25    	On dir 104 of 141
12:45:28    	On dir 105 of 141
12:45:30    	On dir 106 of 141
12:45:32    	On dir 107 of 141
12:45:33    	On dir 108 of 141
12:45:34    	On dir 109 of 141
12:45:35    	On dir 110 of 141
12:45:36    	On dir 111 of 141
12:45:37    	On dir 112 of 141
12:45:37    	On dir 113 of 141
12:45:40    	On dir 114 of 141
12:45:40    	On dir 115 of 141
12:45:41    	On dir 116 of 141
12:45:41    	On dir 117 of 141
12:45:41    	On dir 118 of 141
12:45:42    	On dir 119 of 141
12:45:42    	On dir 120 of 141
12:45:47    	On dir 121 of 141
12:45:48    	On dir 122 of 141
12:45:48    	On dir 123 of 141
12:45:49    	On dir 124 of 141
12:45:49    	On dir 125 of 141
12:45:50    	On dir 126 of 141
12:45:51    	On dir 127 of 141
12:45:51    	On dir 128 of 141
12:45:53    	On dir 129 of 141
12:45:54    	On dir 130 of 141
12:45:55    	On dir 131 of 141
12:45:56    	On dir 132 of 141
12:45:56    	On dir 133 of 141
12:45:56    	On dir 134 of 141
12:45:57    	On dir 135 of 141
12:45:57    	On dir 136 of 141
12:45:58    	On dir 137 of 141
12:46:00    	On dir 138 of 141
12:46:00    	On dir 139 of 141
12:46:03    	On dir 140 of 141
12:46:12    Caching numpy data for next run...
12:47:16    Making loaders...
12:47:17    Beginning to run model...
12:47:18    Traceback (most recent call last):
  File "run_model.py", line 284, in <module>
    main()
  File "run_model.py", line 272, in main
    run_model(train_data, val, test)
  File "run_model.py", line 245, in run_model
    EncodeDecode(),
  File "/home/mvolk/cs231n_proj/src/encodedecode.py", line 66, in __init__
    nn.ConvTranspose2d(1024, 512, kernel_size=4, stride=2, padding=1, dilation=2),
TypeError: __init__() got an unexpected keyword argument 'dilation'

