07:07:23    Loading dataset...
07:07:23    	On dir 0 of 161
07:07:23    	On dir 1 of 161
07:07:23    	On dir 2 of 161
07:07:28    	On dir 3 of 161
07:07:28    	On dir 4 of 161
07:07:29    	On dir 5 of 161
07:07:29    	On dir 6 of 161
07:07:29    	On dir 7 of 161
07:07:30    	On dir 8 of 161
07:07:30    	On dir 9 of 161
07:07:30    	On dir 10 of 161
07:07:30    	On dir 11 of 161
07:07:32    	On dir 12 of 161
07:07:34    	On dir 13 of 161
07:07:39    	On dir 14 of 161
07:07:42    	On dir 15 of 161
07:07:42    	On dir 16 of 161
07:07:42    	On dir 17 of 161
07:07:42    	On dir 18 of 161
07:07:46    	On dir 19 of 161
07:07:47    	On dir 20 of 161
07:07:48    	On dir 21 of 161
07:07:49    	On dir 22 of 161
07:07:51    	On dir 23 of 161
07:07:51    	On dir 24 of 161
07:07:51    	On dir 25 of 161
07:07:51    	On dir 26 of 161
07:07:52    	On dir 27 of 161
07:07:52    	On dir 28 of 161
07:07:52    	On dir 29 of 161
07:07:52    	On dir 30 of 161
07:07:52    	On dir 31 of 161
07:07:52    	On dir 32 of 161
07:07:52    	On dir 33 of 161
07:07:52    	On dir 34 of 161
07:07:53    	On dir 35 of 161
07:07:53    	On dir 36 of 161
07:07:56    	On dir 37 of 161
07:07:57    	On dir 38 of 161
07:07:59    	On dir 39 of 161
07:07:59    	On dir 40 of 161
07:07:59    	On dir 41 of 161
07:07:59    	On dir 42 of 161
07:08:00    	On dir 43 of 161
07:08:00    	On dir 44 of 161
07:08:00    	On dir 45 of 161
07:08:00    	On dir 46 of 161
07:08:01    	On dir 47 of 161
07:08:01    	On dir 48 of 161
07:08:02    	On dir 49 of 161
07:08:02    	On dir 50 of 161
07:08:02    	On dir 51 of 161
07:08:02    	On dir 52 of 161
07:08:02    	On dir 53 of 161
07:08:02    	On dir 54 of 161
07:08:04    	On dir 55 of 161
07:08:04    	On dir 56 of 161
07:08:05    	On dir 57 of 161
07:08:05    	On dir 58 of 161
07:08:28    	On dir 59 of 161
07:08:28    	On dir 60 of 161
07:08:28    	On dir 61 of 161
07:08:29    	On dir 62 of 161
07:08:30    	On dir 63 of 161
07:08:31    	On dir 64 of 161
07:08:31    	On dir 65 of 161
07:08:33    	On dir 66 of 161
07:08:33    	On dir 67 of 161
07:08:33    	On dir 68 of 161
07:08:34    	On dir 69 of 161
07:08:35    	On dir 70 of 161
07:08:40    	On dir 71 of 161
07:08:43    	On dir 72 of 161
07:08:44    	On dir 73 of 161
07:08:45    	On dir 74 of 161
07:08:45    	On dir 75 of 161
07:08:46    	On dir 76 of 161
07:08:48    	On dir 77 of 161
07:08:51    	On dir 78 of 161
07:08:53    	On dir 79 of 161
07:08:53    	On dir 80 of 161
07:08:54    	On dir 81 of 161
07:08:54    	On dir 82 of 161
07:08:54    	On dir 83 of 161
07:08:55    	On dir 84 of 161
07:09:13    	On dir 85 of 161
07:09:13    	On dir 86 of 161
07:09:16    	On dir 87 of 161
07:09:21    	On dir 88 of 161
07:09:21    	On dir 89 of 161
07:09:22    	On dir 90 of 161
07:09:25    	On dir 91 of 161
07:09:27    	On dir 92 of 161
07:09:28    	On dir 93 of 161
07:09:29    	On dir 94 of 161
07:09:29    	On dir 95 of 161
07:09:29    	On dir 96 of 161
07:09:39    	On dir 97 of 161
07:09:40    	On dir 98 of 161
07:09:41    	On dir 99 of 161
07:09:41    	On dir 100 of 161
07:09:42    	On dir 101 of 161
07:09:42    	On dir 102 of 161
07:09:42    	On dir 103 of 161
07:09:43    	On dir 104 of 161
07:09:43    	On dir 105 of 161
07:09:44    	On dir 106 of 161
07:09:44    	On dir 107 of 161
07:09:44    	On dir 108 of 161
07:09:46    	On dir 109 of 161
07:09:46    	On dir 110 of 161
07:09:46    	On dir 111 of 161
07:09:49    	On dir 112 of 161
07:09:50    	On dir 113 of 161
07:09:50    	On dir 114 of 161
07:09:50    	On dir 115 of 161
07:09:54    	On dir 116 of 161
07:09:54    	On dir 117 of 161
07:09:55    	On dir 118 of 161
07:09:55    	On dir 119 of 161
07:09:55    	On dir 120 of 161
07:09:55    	On dir 121 of 161
07:09:57    	On dir 122 of 161
07:09:57    	On dir 123 of 161
07:10:00    	On dir 124 of 161
07:10:00    	On dir 125 of 161
07:10:00    	On dir 126 of 161
07:10:00    	On dir 127 of 161
07:10:01    	On dir 128 of 161
07:10:02    	On dir 129 of 161
07:10:02    	On dir 130 of 161
07:10:03    	On dir 131 of 161
07:10:04    	On dir 132 of 161
07:10:04    	On dir 133 of 161
07:10:05    	On dir 134 of 161
07:10:06    	On dir 135 of 161
07:10:06    	On dir 136 of 161
07:10:07    	On dir 137 of 161
07:10:07    	On dir 138 of 161
07:10:07    	On dir 139 of 161
07:10:07    	On dir 140 of 161
07:10:07    	On dir 141 of 161
07:10:08    	On dir 142 of 161
07:10:08    	On dir 143 of 161
07:10:08    	On dir 144 of 161
07:10:08    	On dir 145 of 161
07:10:08    	On dir 146 of 161
07:10:09    	On dir 147 of 161
07:10:09    	On dir 148 of 161
07:10:09    	On dir 149 of 161
07:10:11    	On dir 150 of 161
07:10:11    	On dir 151 of 161
07:10:27    	On dir 152 of 161
07:10:27    	On dir 153 of 161
07:10:28    	On dir 154 of 161
07:10:28    	On dir 155 of 161
07:10:28    	On dir 156 of 161
07:10:28    	On dir 157 of 161
07:10:29    	On dir 158 of 161
07:10:29    	On dir 159 of 161
07:10:30    	On dir 160 of 161
07:10:38    not saving vars due to disk constraints
07:10:38    Making loaders...
07:10:38    Beginning to run model...
07:10:42    Starting epoch 1 / 9...
07:10:43    Running evaluation...
07:10:59    Eval norm l2 loss: 1.0186, norm total loss: 1.0186
07:11:22    	training: t = 20, loss = 5417.4683, norm_loss= 1.0730
07:11:46    	training: t = 40, loss = 6407.2495, norm_loss= 1.1118
07:12:11    	training: t = 60, loss = 5922.8853, norm_loss= 1.1151
07:12:35    	training: t = 80, loss = 10222.8848, norm_loss= 0.9000
07:13:00    	training: t = 100, loss = 10791.9189, norm_loss= 0.8263
07:13:25    	training: t = 120, loss = 8046.2368, norm_loss= 0.7911
07:13:49    	training: t = 140, loss = 4882.5771, norm_loss= 0.8007
07:14:14    	training: t = 160, loss = 4296.3711, norm_loss= 0.8223
07:14:38    	training: t = 180, loss = 7493.0000, norm_loss= 0.6859
07:15:03    	training: t = 200, loss = 8611.2773, norm_loss= 0.7226
07:15:27    	training: t = 220, loss = 7076.9756, norm_loss= 0.7728
07:15:52    	training: t = 240, loss = 8670.5410, norm_loss= 0.7195
07:16:16    	training: t = 260, loss = 7290.4209, norm_loss= 0.7900
07:16:41    	training: t = 280, loss = 5516.2363, norm_loss= 0.6835
07:17:06    	training: t = 300, loss = 6428.5640, norm_loss= 0.7472
07:17:22    Running evaluation...
07:17:37    Eval norm l2 loss: 0.6789, norm total loss: 0.6789
07:17:45    	training: t = 320, loss = 7338.3809, norm_loss= 0.6695
07:18:10    	training: t = 340, loss = 7012.7769, norm_loss= 0.6793
07:18:35    	training: t = 360, loss = 6938.7734, norm_loss= 0.7043
07:18:59    	training: t = 380, loss = 9804.7939, norm_loss= 0.7149
07:19:24    	training: t = 400, loss = 6635.6147, norm_loss= 0.6743
07:19:48    	training: t = 420, loss = 9089.6094, norm_loss= 0.5940
07:20:13    	training: t = 440, loss = 9154.0498, norm_loss= 0.6560
07:20:37    	training: t = 460, loss = 6009.4990, norm_loss= 0.5263
07:21:02    	training: t = 480, loss = 8559.4180, norm_loss= 0.6379
07:21:27    	training: t = 500, loss = 6768.7148, norm_loss= 0.7058
07:21:51    	training: t = 520, loss = 6033.0391, norm_loss= 0.5352
07:22:16    	training: t = 540, loss = 10216.2930, norm_loss= 0.7223
07:22:40    	training: t = 560, loss = 9450.7305, norm_loss= 0.6893
07:23:05    	training: t = 580, loss = 3656.5481, norm_loss= 0.5812
07:23:29    	training: t = 600, loss = 7093.0879, norm_loss= 0.6267
07:23:54    	training: t = 620, loss = 6706.9189, norm_loss= 0.6381
07:24:00    Running evaluation...
07:24:15    Eval norm l2 loss: 0.6337, norm total loss: 0.6337
07:24:34    	training: t = 640, loss = 5153.0195, norm_loss= 0.6321
07:24:58    	training: t = 660, loss = 3110.8506, norm_loss= 0.5560
07:25:23    	training: t = 680, loss = 6797.3135, norm_loss= 0.5793
07:25:47    	training: t = 700, loss = 1981.2500, norm_loss= 0.6168
07:26:12    	training: t = 720, loss = 7639.6064, norm_loss= 0.5577
07:26:37    	training: t = 740, loss = 6214.8184, norm_loss= 0.5785
07:27:01    	training: t = 760, loss = 5129.0674, norm_loss= 0.6102
07:27:26    	training: t = 780, loss = 12998.1826, norm_loss= 0.6422
07:27:50    	training: t = 800, loss = 4658.6650, norm_loss= 0.5349
07:28:15    	training: t = 820, loss = 6908.0039, norm_loss= 0.5522
07:28:40    	training: t = 840, loss = 3183.0615, norm_loss= 0.5306
07:29:04    	training: t = 860, loss = 2696.2607, norm_loss= 0.5342
07:29:29    	training: t = 880, loss = 6177.0898, norm_loss= 0.4957
07:29:53    	training: t = 900, loss = 6464.4209, norm_loss= 0.4823
07:30:18    	training: t = 920, loss = 5917.5581, norm_loss= 0.5182
07:30:39    Running evaluation...
07:30:54    Eval norm l2 loss: 0.5032, norm total loss: 0.5032
07:30:58    	training: t = 940, loss = 1873.8669, norm_loss= 0.4542
07:31:22    	training: t = 960, loss = 3667.1624, norm_loss= 0.4488
07:31:47    	training: t = 980, loss = 3241.3652, norm_loss= 0.6379
07:32:11    	training: t = 1000, loss = 3280.4360, norm_loss= 0.4384
07:32:36    	training: t = 1020, loss = 4739.3550, norm_loss= 0.4562
07:33:00    	training: t = 1040, loss = 3497.9238, norm_loss= 0.3856
07:33:25    	training: t = 1060, loss = 9158.7832, norm_loss= 0.6837
07:33:50    	training: t = 1080, loss = 4400.1431, norm_loss= 0.4536
07:34:14    	training: t = 1100, loss = 3881.1838, norm_loss= 0.5541
07:34:39    	training: t = 1120, loss = 6459.0605, norm_loss= 0.5703
07:35:03    	training: t = 1140, loss = 3782.7527, norm_loss= 0.4488
07:35:28    	training: t = 1160, loss = 6279.9316, norm_loss= 0.4637
07:35:53    	training: t = 1180, loss = 2882.1597, norm_loss= 0.4305
07:36:17    	training: t = 1200, loss = 4177.5190, norm_loss= 0.4475
07:36:42    	training: t = 1220, loss = 4806.4385, norm_loss= 0.4406
07:37:06    	training: t = 1240, loss = 7653.6855, norm_loss= 0.4947
07:37:17    Running evaluation...
07:37:33    Eval norm l2 loss: 0.4645, norm total loss: 0.4645
07:37:46    	training: t = 1260, loss = 4713.8569, norm_loss= 0.5013
07:38:11    	training: t = 1280, loss = 6360.7896, norm_loss= 0.5390
07:38:35    	training: t = 1300, loss = 5065.5752, norm_loss= 0.5849
07:39:00    	training: t = 1320, loss = 4868.6162, norm_loss= 0.4264
07:39:24    	training: t = 1340, loss = 4028.2715, norm_loss= 0.4263
07:39:49    	training: t = 1360, loss = 5993.8901, norm_loss= 0.5677
07:40:13    	training: t = 1380, loss = 4204.7314, norm_loss= 0.3509
07:40:38    	training: t = 1400, loss = 10751.2910, norm_loss= 0.6194
07:41:03    	training: t = 1420, loss = 2794.8835, norm_loss= 0.3338
07:41:27    	training: t = 1440, loss = 3760.4272, norm_loss= 0.3951
07:41:52    	training: t = 1460, loss = 2742.5298, norm_loss= 0.4324
07:42:16    	training: t = 1480, loss = 3220.0273, norm_loss= 0.3952
07:42:41    	training: t = 1500, loss = 3569.3372, norm_loss= 0.4237
07:43:06    	training: t = 1520, loss = 4183.0352, norm_loss= 0.5025
07:43:30    	training: t = 1540, loss = 3665.1030, norm_loss= 0.3668
07:43:55    	training: t = 1560, loss = 2713.2017, norm_loss= 0.5222
07:43:56    Running evaluation...
07:44:11    Eval norm l2 loss: 0.4435, norm total loss: 0.4435
07:44:34    	training: t = 1580, loss = 5315.9297, norm_loss= 0.3787
07:44:59    	training: t = 1600, loss = 2933.7522, norm_loss= 0.3842
07:45:24    	training: t = 1620, loss = 3840.8586, norm_loss= 0.3857
07:45:48    	training: t = 1640, loss = 3509.2964, norm_loss= 0.6702
07:46:13    	training: t = 1660, loss = 3194.3843, norm_loss= 0.5067
07:46:37    	training: t = 1680, loss = 4785.9561, norm_loss= 0.5386
07:47:02    	training: t = 1700, loss = 5164.7046, norm_loss= 0.3986
07:47:26    	training: t = 1720, loss = 4719.0796, norm_loss= 0.4079
07:47:51    	training: t = 1740, loss = 3208.6973, norm_loss= 0.5199
07:48:16    	training: t = 1760, loss = 4035.2393, norm_loss= 0.4885
07:48:40    	training: t = 1780, loss = 4385.2520, norm_loss= 0.5036
07:49:05    	training: t = 1800, loss = 2573.2898, norm_loss= 0.4304
07:49:29    	training: t = 1820, loss = 2531.8765, norm_loss= 0.4504
07:49:54    	training: t = 1840, loss = 6253.0879, norm_loss= 0.6265
07:50:19    	training: t = 1860, loss = 3205.3608, norm_loss= 0.3763
07:50:35    Running evaluation...
07:50:50    Eval norm l2 loss: 0.4315, norm total loss: 0.4315
07:50:58    	training: t = 1880, loss = 5806.1675, norm_loss= 0.3710
07:51:23    	training: t = 1900, loss = 3493.3130, norm_loss= 0.4435
07:51:47    	training: t = 1920, loss = 4462.0586, norm_loss= 0.4353
07:52:12    	training: t = 1940, loss = 3227.2461, norm_loss= 0.4344
07:52:37    	training: t = 1960, loss = 7174.2798, norm_loss= 0.4297
07:53:01    	training: t = 1980, loss = 6627.9653, norm_loss= 0.4107
07:53:26    	training: t = 2000, loss = 2896.1912, norm_loss= 0.3434
07:53:50    	training: t = 2020, loss = 4116.9102, norm_loss= 0.3814
07:54:15    	training: t = 2040, loss = 2146.4221, norm_loss= 0.4028
07:54:39    	training: t = 2060, loss = 5003.9326, norm_loss= 0.3561
07:55:04    	training: t = 2080, loss = 3564.1860, norm_loss= 0.4119
07:55:29    	training: t = 2100, loss = 5522.0562, norm_loss= 0.4234
07:55:53    	training: t = 2120, loss = 3244.5488, norm_loss= 0.4751
07:56:18    	training: t = 2140, loss = 7671.8486, norm_loss= 0.5399
07:56:42    	training: t = 2160, loss = 3825.5720, norm_loss= 0.4312
07:57:07    	training: t = 2180, loss = 3618.9246, norm_loss= 0.3220
07:57:13    Running evaluation...
07:57:28    Eval norm l2 loss: 0.4063, norm total loss: 0.4063
07:57:47    	training: t = 2200, loss = 4651.1582, norm_loss= 0.4285
07:58:11    	training: t = 2220, loss = 2539.6836, norm_loss= 0.3963
07:58:36    	training: t = 2240, loss = 5049.0435, norm_loss= 0.4018
07:59:00    	training: t = 2260, loss = 6032.5410, norm_loss= 0.4628
07:59:25    	training: t = 2280, loss = 6006.0107, norm_loss= 0.3814
07:59:49    	training: t = 2300, loss = 2808.4126, norm_loss= 0.4510
08:00:14    	training: t = 2320, loss = 4238.9946, norm_loss= 0.4084
08:00:39    	training: t = 2340, loss = 7855.4014, norm_loss= 0.4341
08:01:03    	training: t = 2360, loss = 5043.4614, norm_loss= 0.5124
08:01:28    	training: t = 2380, loss = 4728.0068, norm_loss= 0.4183
08:01:52    	training: t = 2400, loss = 2234.2913, norm_loss= 0.4065
08:02:17    	training: t = 2420, loss = 4733.4814, norm_loss= 0.3701
08:02:41    	training: t = 2440, loss = 3311.5754, norm_loss= 0.3561
08:03:06    	training: t = 2460, loss = 5357.5762, norm_loss= 0.4057
08:03:31    	training: t = 2480, loss = 3650.1443, norm_loss= 0.4152
08:03:52    Running evaluation...
08:04:07    Eval norm l2 loss: 0.3829, norm total loss: 0.3829
08:04:10    	training: t = 2500, loss = 2750.6787, norm_loss= 0.3779
08:04:11    Starting epoch 2 / 9...
08:04:12    Running evaluation...
08:04:27    Eval norm l2 loss: 0.3908, norm total loss: 0.3908
08:04:50    	training: t = 20, loss = 3747.1650, norm_loss= 0.3535
08:05:15    	training: t = 40, loss = 3701.4534, norm_loss= 0.4343
08:05:39    	training: t = 60, loss = 5689.5000, norm_loss= 0.3965
08:06:04    	training: t = 80, loss = 2892.4946, norm_loss= 0.3235
08:06:28    	training: t = 100, loss = 4880.0352, norm_loss= 0.3559
08:06:53    	training: t = 120, loss = 2559.3794, norm_loss= 0.3889
08:07:18    	training: t = 140, loss = 4594.7861, norm_loss= 0.4633
08:07:42    	training: t = 160, loss = 3616.9866, norm_loss= 0.4141
08:08:07    	training: t = 180, loss = 3090.7778, norm_loss= 0.3783
08:08:31    	training: t = 200, loss = 3081.4141, norm_loss= 0.4951
08:08:56    	training: t = 220, loss = 2347.0957, norm_loss= 0.2939
08:09:20    	training: t = 240, loss = 2475.8779, norm_loss= 0.4649
08:09:45    	training: t = 260, loss = 5516.1807, norm_loss= 0.3995
08:10:10    	training: t = 280, loss = 3085.7036, norm_loss= 0.3603
08:10:34    	training: t = 300, loss = 3117.1667, norm_loss= 0.3295
08:10:50    Running evaluation...
08:11:05    Eval norm l2 loss: 0.3690, norm total loss: 0.3690
08:11:14    	training: t = 320, loss = 3869.1482, norm_loss= 0.4562
08:11:38    	training: t = 340, loss = 2626.2837, norm_loss= 0.6319
08:12:03    	training: t = 360, loss = 6220.1055, norm_loss= 0.4753
08:12:28    	training: t = 380, loss = 2970.1035, norm_loss= 0.3028
08:12:52    	training: t = 400, loss = 4738.5459, norm_loss= 0.3230
08:13:17    	training: t = 420, loss = 3486.3989, norm_loss= 0.3822
08:13:41    	training: t = 440, loss = 2738.5928, norm_loss= 0.3513
08:14:06    	training: t = 460, loss = 3242.1147, norm_loss= 0.3755
08:14:31    	training: t = 480, loss = 1260.1654, norm_loss= 0.3168
08:14:55    	training: t = 500, loss = 5791.9346, norm_loss= 0.4785
08:15:20    	training: t = 520, loss = 2726.7549, norm_loss= 0.3094
08:15:44    	training: t = 540, loss = 5383.2593, norm_loss= 0.3342
08:16:09    	training: t = 560, loss = 6861.2793, norm_loss= 0.3861
08:16:33    	training: t = 580, loss = 2579.5012, norm_loss= 0.4867
08:16:58    	training: t = 600, loss = 3773.7373, norm_loss= 0.4260
08:17:23    	training: t = 620, loss = 1688.8687, norm_loss= 0.3246
08:17:29    Running evaluation...
08:17:44    Eval norm l2 loss: 0.3756, norm total loss: 0.3756
08:18:02    	training: t = 640, loss = 3496.5369, norm_loss= 0.2978
08:18:27    	training: t = 660, loss = 2355.3411, norm_loss= 0.3397
08:18:51    	training: t = 680, loss = 8467.8994, norm_loss= 0.4249
08:19:16    	training: t = 700, loss = 3145.3689, norm_loss= 0.3810
08:19:41    	training: t = 720, loss = 3625.9958, norm_loss= 0.4684
08:20:05    	training: t = 740, loss = 2964.9502, norm_loss= 0.4043
08:20:30    	training: t = 760, loss = 3999.8115, norm_loss= 0.3219
08:20:54    	training: t = 780, loss = 2069.0107, norm_loss= 0.3003
08:21:19    	training: t = 800, loss = 4102.6577, norm_loss= 0.2836
08:21:43    	training: t = 820, loss = 2720.5266, norm_loss= 0.3684
08:22:08    	training: t = 840, loss = 4173.5630, norm_loss= 0.3378
08:22:33    	training: t = 860, loss = 3112.4351, norm_loss= 0.2955
08:22:57    	training: t = 880, loss = 4465.8354, norm_loss= 0.4577
08:23:22    	training: t = 900, loss = 7643.9800, norm_loss= 0.4719
08:23:46    	training: t = 920, loss = 2024.3206, norm_loss= 0.2740
08:24:07    Running evaluation...
08:24:22    Eval norm l2 loss: 0.3699, norm total loss: 0.3699
08:24:26    	training: t = 940, loss = 5061.3428, norm_loss= 0.3789
08:24:51    	training: t = 960, loss = 4194.4692, norm_loss= 0.4504
08:25:15    	training: t = 980, loss = 6383.5977, norm_loss= 0.4674
08:25:40    	training: t = 1000, loss = 5664.2607, norm_loss= 0.3408
08:26:04    	training: t = 1020, loss = 5270.4561, norm_loss= 0.3536
08:26:29    	training: t = 1040, loss = 3245.2244, norm_loss= 0.2683
08:26:53    	training: t = 1060, loss = 4026.2634, norm_loss= 0.4974
08:27:18    	training: t = 1080, loss = 4430.0527, norm_loss= 0.4664
08:27:43    	training: t = 1100, loss = 2926.5967, norm_loss= 0.2896
08:28:07    	training: t = 1120, loss = 3403.8203, norm_loss= 0.2924
08:28:32    	training: t = 1140, loss = 1615.6835, norm_loss= 0.4610
08:28:56    	training: t = 1160, loss = 2515.6716, norm_loss= 0.3955
08:29:21    	training: t = 1180, loss = 5083.0352, norm_loss= 0.4124
08:29:45    	training: t = 1200, loss = 2980.1423, norm_loss= 0.3494
08:30:10    	training: t = 1220, loss = 2279.9033, norm_loss= 0.4504
08:30:35    	training: t = 1240, loss = 3666.5488, norm_loss= 0.5244
08:30:46    Running evaluation...
08:31:01    Eval norm l2 loss: 0.3815, norm total loss: 0.3815
08:31:14    	training: t = 1260, loss = 3642.9980, norm_loss= 0.4670
08:31:39    	training: t = 1280, loss = 4389.0420, norm_loss= 0.4248
08:32:03    	training: t = 1300, loss = 3246.7183, norm_loss= 0.3851
08:32:28    	training: t = 1320, loss = 4913.4888, norm_loss= 0.3779
08:32:53    	training: t = 1340, loss = 4814.4531, norm_loss= 0.5129
08:33:17    	training: t = 1360, loss = 2883.0627, norm_loss= 0.4509
08:33:42    	training: t = 1380, loss = 1338.1633, norm_loss= 0.3339
08:34:06    	training: t = 1400, loss = 2758.9609, norm_loss= 0.3226
08:34:31    	training: t = 1420, loss = 2434.1833, norm_loss= 0.3247
08:34:55    	training: t = 1440, loss = 3443.9180, norm_loss= 0.2739
08:35:20    	training: t = 1460, loss = 2946.6245, norm_loss= 0.4591
08:35:45    	training: t = 1480, loss = 3947.6067, norm_loss= 0.2978
08:36:09    	training: t = 1500, loss = 2349.4414, norm_loss= 0.4242
08:36:34    	training: t = 1520, loss = 1590.5586, norm_loss= 0.2437
08:36:58    	training: t = 1540, loss = 3242.8555, norm_loss= 0.3143
08:37:23    	training: t = 1560, loss = 4498.4751, norm_loss= 0.4537
08:37:24    Running evaluation...
08:37:39    Eval norm l2 loss: 0.3614, norm total loss: 0.3614
08:38:03    	training: t = 1580, loss = 1516.4978, norm_loss= 0.2904
08:38:27    	training: t = 1600, loss = 3291.2842, norm_loss= 0.3704
08:38:52    	training: t = 1620, loss = 5394.0981, norm_loss= 0.3313
08:39:16    	training: t = 1640, loss = 5437.6870, norm_loss= 0.4041
08:39:41    	training: t = 1660, loss = 1689.2498, norm_loss= 0.2445
08:40:05    	training: t = 1680, loss = 5409.6445, norm_loss= 0.3530
08:40:30    	training: t = 1700, loss = 5962.0781, norm_loss= 0.3600
08:40:55    	training: t = 1720, loss = 1917.6990, norm_loss= 0.2575
08:41:19    	training: t = 1740, loss = 2173.7297, norm_loss= 0.2520
08:41:44    	training: t = 1760, loss = 4615.8633, norm_loss= 0.4707
08:42:08    	training: t = 1780, loss = 1676.3481, norm_loss= 0.2942
08:42:33    	training: t = 1800, loss = 2786.3577, norm_loss= 0.3652
08:42:57    	training: t = 1820, loss = 3536.9541, norm_loss= 0.3782
08:43:22    	training: t = 1840, loss = 2453.0024, norm_loss= 0.3717
08:43:47    	training: t = 1860, loss = 3295.2339, norm_loss= 0.4129
08:44:03    Running evaluation...
08:44:18    Eval norm l2 loss: 0.3469, norm total loss: 0.3469
08:44:26    	training: t = 1880, loss = 3922.0166, norm_loss= 0.3874
08:44:51    	training: t = 1900, loss = 3468.0784, norm_loss= 0.3993
08:45:15    	training: t = 1920, loss = 1602.4271, norm_loss= 0.2884
08:45:40    	training: t = 1940, loss = 2815.1528, norm_loss= 0.4963
08:46:05    	training: t = 1960, loss = 4270.9897, norm_loss= 0.3175
08:46:29    	training: t = 1980, loss = 4946.0532, norm_loss= 0.3365
08:46:54    	training: t = 2000, loss = 4660.5908, norm_loss= 0.4501
08:47:18    	training: t = 2020, loss = 3724.6892, norm_loss= 0.3781
08:47:43    	training: t = 2040, loss = 4107.9756, norm_loss= 0.4063
08:48:08    	training: t = 2060, loss = 1830.0696, norm_loss= 0.3433
08:48:32    	training: t = 2080, loss = 2495.9236, norm_loss= 0.3644
08:48:57    	training: t = 2100, loss = 2675.3003, norm_loss= 0.3438
08:49:21    	training: t = 2120, loss = 4867.7397, norm_loss= 0.3863
08:49:46    	training: t = 2140, loss = 6316.3726, norm_loss= 0.3642
08:50:10    	training: t = 2160, loss = 1773.0334, norm_loss= 0.3426
08:50:35    	training: t = 2180, loss = 1135.9897, norm_loss= 0.1739
08:50:41    Running evaluation...
08:50:56    Eval norm l2 loss: 0.3441, norm total loss: 0.3441
08:51:15    	training: t = 2200, loss = 5542.1421, norm_loss= 0.4983
08:51:39    	training: t = 2220, loss = 2417.2385, norm_loss= 0.2955
08:52:04    	training: t = 2240, loss = 2575.8259, norm_loss= 0.3462
08:52:28    	training: t = 2260, loss = 3737.5137, norm_loss= 0.4274
08:52:53    	training: t = 2280, loss = 2077.3550, norm_loss= 0.4287
08:53:18    	training: t = 2300, loss = 1383.1658, norm_loss= 0.2689
08:53:42    	training: t = 2320, loss = 4806.1890, norm_loss= 0.3155
08:54:07    	training: t = 2340, loss = 2585.3711, norm_loss= 0.2185
08:54:31    	training: t = 2360, loss = 2357.9421, norm_loss= 0.2682
08:54:56    	training: t = 2380, loss = 2495.1377, norm_loss= 0.3452
08:55:20    	training: t = 2400, loss = 2344.4705, norm_loss= 0.5063
08:55:45    	training: t = 2420, loss = 3013.2744, norm_loss= 0.3262
08:56:10    	training: t = 2440, loss = 2670.2439, norm_loss= 0.2974
08:56:34    	training: t = 2460, loss = 4051.3359, norm_loss= 0.3506
08:56:59    	training: t = 2480, loss = 3299.5806, norm_loss= 0.3154
08:57:20    Running evaluation...
08:57:35    Eval norm l2 loss: 0.3445, norm total loss: 0.3445
08:57:38    	training: t = 2500, loss = 2376.1567, norm_loss= 0.2857
08:57:39    Starting epoch 3 / 9...
08:57:40    Running evaluation...
08:57:55    Eval norm l2 loss: 0.3453, norm total loss: 0.3453
08:58:18    	training: t = 20, loss = 1017.9130, norm_loss= 0.3472
08:58:43    	training: t = 40, loss = 2291.1897, norm_loss= 0.2229
08:59:07    	training: t = 60, loss = 3474.9397, norm_loss= 0.3176
08:59:32    	training: t = 80, loss = 3827.2175, norm_loss= 0.2988
08:59:56    	training: t = 100, loss = 1840.0475, norm_loss= 0.2112
09:00:21    	training: t = 120, loss = 1987.3724, norm_loss= 0.3253
09:00:46    	training: t = 140, loss = 4191.1943, norm_loss= 0.2832
09:01:10    	training: t = 160, loss = 2169.0088, norm_loss= 0.3761
09:01:35    	training: t = 180, loss = 2057.4514, norm_loss= 0.3427
09:01:59    	training: t = 200, loss = 2667.1243, norm_loss= 0.2605
09:02:24    	training: t = 220, loss = 2987.8162, norm_loss= 0.4375
09:02:48    	training: t = 240, loss = 3011.5798, norm_loss= 0.2320
09:03:13    	training: t = 260, loss = 3092.3684, norm_loss= 0.3102
09:03:38    	training: t = 280, loss = 3039.0300, norm_loss= 0.3145
09:04:02    	training: t = 300, loss = 3475.2898, norm_loss= 0.2576
09:04:18    Running evaluation...
09:04:33    Eval norm l2 loss: 0.3437, norm total loss: 0.3437
09:04:42    	training: t = 320, loss = 5781.9741, norm_loss= 0.3635
09:05:06    	training: t = 340, loss = 1716.0610, norm_loss= 0.2263
09:05:31    	training: t = 360, loss = 3352.3989, norm_loss= 0.3030
09:05:56    	training: t = 380, loss = 2208.6287, norm_loss= 0.3555
09:06:20    	training: t = 400, loss = 3138.3157, norm_loss= 0.2831
09:06:45    	training: t = 420, loss = 2000.2244, norm_loss= 0.3633
09:07:09    	training: t = 440, loss = 4604.5728, norm_loss= 0.3290
09:07:34    	training: t = 460, loss = 3758.6123, norm_loss= 0.2915
09:07:58    	training: t = 480, loss = 1007.2945, norm_loss= 0.3582
09:08:23    	training: t = 500, loss = 2379.6697, norm_loss= 0.2800
09:08:48    	training: t = 520, loss = 3843.1465, norm_loss= 0.3779
09:09:12    	training: t = 540, loss = 5296.4761, norm_loss= 0.4405
09:09:37    	training: t = 560, loss = 2104.5850, norm_loss= 0.4023
09:10:01    	training: t = 580, loss = 2500.1221, norm_loss= 0.3512
09:10:26    	training: t = 600, loss = 3287.5002, norm_loss= 0.3273
09:10:50    	training: t = 620, loss = 1939.1768, norm_loss= 0.2884
09:10:57    Running evaluation...
09:11:12    Eval norm l2 loss: 0.3582, norm total loss: 0.3582
09:11:30    	training: t = 640, loss = 2445.2490, norm_loss= 0.4468
09:11:55    	training: t = 660, loss = 5048.8096, norm_loss= 0.3983
09:12:19    	training: t = 680, loss = 1573.8043, norm_loss= 0.2439
09:12:44    	training: t = 700, loss = 3278.5476, norm_loss= 0.2564
09:13:08    	training: t = 720, loss = 1857.6602, norm_loss= 0.3115
09:13:33    	training: t = 740, loss = 7160.0303, norm_loss= 0.4866
09:13:58    	training: t = 760, loss = 1914.6904, norm_loss= 0.2792
09:14:22    	training: t = 780, loss = 2617.2305, norm_loss= 0.2729
09:14:47    	training: t = 800, loss = 3186.6921, norm_loss= 0.2606
09:15:11    	training: t = 820, loss = 2787.8840, norm_loss= 0.2492
09:15:36    	training: t = 840, loss = 3573.9910, norm_loss= 0.3112
09:16:00    	training: t = 860, loss = 3835.1277, norm_loss= 0.3202
09:16:25    	training: t = 880, loss = 2796.9097, norm_loss= 0.2642
09:16:50    	training: t = 900, loss = 3792.6890, norm_loss= 0.3161
09:17:14    	training: t = 920, loss = 2210.4993, norm_loss= 0.3410
09:17:35    Running evaluation...
09:17:50    Eval norm l2 loss: 0.3559, norm total loss: 0.3559
09:17:54    	training: t = 940, loss = 3407.7532, norm_loss= 0.3016
09:18:18    	training: t = 960, loss = 2538.2026, norm_loss= 0.4420
09:18:43    	training: t = 980, loss = 2594.6497, norm_loss= 0.2782
09:19:08    	training: t = 1000, loss = 5060.6567, norm_loss= 0.4273
09:19:32    	training: t = 1020, loss = 3666.3667, norm_loss= 0.4004
09:19:57    	training: t = 1040, loss = 1744.0471, norm_loss= 0.2989
09:20:21    	training: t = 1060, loss = 2225.2351, norm_loss= 0.2950
09:20:46    	training: t = 1080, loss = 3491.8806, norm_loss= 0.3143
09:21:10    	training: t = 1100, loss = 2959.5991, norm_loss= 0.3513
09:21:35    	training: t = 1120, loss = 3660.7930, norm_loss= 0.3815
09:22:00    	training: t = 1140, loss = 1312.6418, norm_loss= 0.2589
09:22:24    	training: t = 1160, loss = 2723.8225, norm_loss= 0.3015
09:22:49    	training: t = 1180, loss = 4104.0571, norm_loss= 0.2370
09:23:13    	training: t = 1200, loss = 3170.8555, norm_loss= 0.4968
09:23:38    	training: t = 1220, loss = 2482.9468, norm_loss= 0.3579
09:24:03    	training: t = 1240, loss = 2588.4336, norm_loss= 0.2801
09:24:14    Running evaluation...
09:24:29    Eval norm l2 loss: 0.3312, norm total loss: 0.3312
09:24:42    	training: t = 1260, loss = 3388.3699, norm_loss= 0.4722
09:25:07    	training: t = 1280, loss = 4018.4878, norm_loss= 0.2952
09:25:31    	training: t = 1300, loss = 3263.1875, norm_loss= 0.3629
09:25:56    	training: t = 1320, loss = 5300.0151, norm_loss= 0.3575
09:26:21    	training: t = 1340, loss = 2364.7275, norm_loss= 0.4469
09:26:45    	training: t = 1360, loss = 1691.3684, norm_loss= 0.3320
09:27:10    	training: t = 1380, loss = 3835.7659, norm_loss= 0.3729
09:27:34    	training: t = 1400, loss = 2354.8132, norm_loss= 0.2809
09:27:59    	training: t = 1420, loss = 3270.8442, norm_loss= 0.2855
09:28:24    	training: t = 1440, loss = 2196.7522, norm_loss= 0.3418
09:28:48    	training: t = 1460, loss = 1753.3763, norm_loss= 0.2815
09:29:13    	training: t = 1480, loss = 4150.9712, norm_loss= 0.3679
09:29:37    	training: t = 1500, loss = 1860.1788, norm_loss= 0.3905
09:30:02    	training: t = 1520, loss = 3980.2854, norm_loss= 0.3214
09:30:26    	training: t = 1540, loss = 2598.5249, norm_loss= 0.3373
09:30:51    	training: t = 1560, loss = 5859.2437, norm_loss= 0.3609
09:30:52    Running evaluation...
09:31:07    Eval norm l2 loss: 0.3231, norm total loss: 0.3231
09:31:31    	training: t = 1580, loss = 1209.6543, norm_loss= 0.2942
09:31:55    	training: t = 1600, loss = 4103.0376, norm_loss= 0.2607
09:32:20    	training: t = 1620, loss = 2697.0449, norm_loss= 0.3201
09:32:44    	training: t = 1640, loss = 3062.5239, norm_loss= 0.2946
09:33:09    	training: t = 1660, loss = 3772.8550, norm_loss= 0.2786
09:33:34    	training: t = 1680, loss = 3557.7637, norm_loss= 0.3522
09:33:58    	training: t = 1700, loss = 2172.5930, norm_loss= 0.2896
09:34:23    	training: t = 1720, loss = 3343.6096, norm_loss= 0.2697
09:34:47    	training: t = 1740, loss = 3315.0125, norm_loss= 0.3604
09:35:12    	training: t = 1760, loss = 3568.4497, norm_loss= 0.4026
09:35:36    	training: t = 1780, loss = 1751.8713, norm_loss= 0.4223
09:36:01    	training: t = 1800, loss = 3146.4070, norm_loss= 0.3717
09:36:26    	training: t = 1820, loss = 2223.8037, norm_loss= 0.4020
09:36:50    	training: t = 1840, loss = 4107.0630, norm_loss= 0.4312
09:37:15    	training: t = 1860, loss = 2610.4246, norm_loss= 0.2937
09:37:31    Running evaluation...
09:37:46    Eval norm l2 loss: 0.3199, norm total loss: 0.3199
09:37:54    	training: t = 1880, loss = 4067.0430, norm_loss= 0.2761
09:38:19    	training: t = 1900, loss = 1778.9431, norm_loss= 0.2602
09:38:44    	training: t = 1920, loss = 2969.5295, norm_loss= 0.2956
09:39:08    	training: t = 1940, loss = 1483.0574, norm_loss= 0.2396
09:39:33    	training: t = 1960, loss = 2357.8386, norm_loss= 0.2856
09:39:57    	training: t = 1980, loss = 2155.2756, norm_loss= 0.3173
09:40:22    	training: t = 2000, loss = 1697.8619, norm_loss= 0.3255
09:40:46    	training: t = 2020, loss = 3959.4683, norm_loss= 0.2855
09:41:11    	training: t = 2040, loss = 3121.5415, norm_loss= 0.2455
09:41:36    	training: t = 2060, loss = 3346.8855, norm_loss= 0.2625
09:42:00    	training: t = 2080, loss = 2519.9939, norm_loss= 0.2441
09:42:25    	training: t = 2100, loss = 2208.2974, norm_loss= 0.2747
09:42:49    	training: t = 2120, loss = 1378.2808, norm_loss= 0.2548
09:43:14    	training: t = 2140, loss = 1181.8513, norm_loss= 0.2942
09:43:39    	training: t = 2160, loss = 2255.1836, norm_loss= 0.3874
09:44:03    	training: t = 2180, loss = 3794.4167, norm_loss= 0.3677
09:44:09    Running evaluation...
09:44:24    Eval norm l2 loss: 0.3243, norm total loss: 0.3243
09:44:43    	training: t = 2200, loss = 6176.6094, norm_loss= 0.3623
09:45:07    	training: t = 2220, loss = 2911.9099, norm_loss= 0.3050
09:45:32    	training: t = 2240, loss = 1896.9854, norm_loss= 0.4048
09:45:57    	training: t = 2260, loss = 949.5812, norm_loss= 0.2437
09:46:21    	training: t = 2280, loss = 2319.5872, norm_loss= 0.2229
09:46:46    	training: t = 2300, loss = 3188.1528, norm_loss= 0.4193
09:47:10    	training: t = 2320, loss = 3779.3704, norm_loss= 0.4102
09:47:35    	training: t = 2340, loss = 3414.9294, norm_loss= 0.4164
09:47:59    	training: t = 2360, loss = 6199.3921, norm_loss= 0.3490
09:48:24    	training: t = 2380, loss = 1871.0416, norm_loss= 0.3735
09:48:49    	training: t = 2400, loss = 3094.1548, norm_loss= 0.3058
09:49:13    	training: t = 2420, loss = 1676.4379, norm_loss= 0.4460
09:49:38    	training: t = 2440, loss = 1627.4419, norm_loss= 0.2860
09:50:02    	training: t = 2460, loss = 4777.9712, norm_loss= 0.3115
09:50:27    	training: t = 2480, loss = 4053.2358, norm_loss= 0.3409
09:50:48    Running evaluation...
09:51:03    Eval norm l2 loss: 0.3173, norm total loss: 0.3173
09:51:07    	training: t = 2500, loss = 5307.0420, norm_loss= 0.3033
09:51:07    Starting epoch 4 / 9...
09:51:08    Running evaluation...
09:51:23    Eval norm l2 loss: 0.3162, norm total loss: 0.3162
09:51:46    	training: t = 20, loss = 2696.0510, norm_loss= 0.3539
09:52:11    	training: t = 40, loss = 2709.0188, norm_loss= 0.2508
09:52:35    	training: t = 60, loss = 2906.1860, norm_loss= 0.2518
09:53:00    	training: t = 80, loss = 2815.1130, norm_loss= 0.3459
09:53:25    	training: t = 100, loss = 3011.4741, norm_loss= 0.3954
09:53:49    	training: t = 120, loss = 823.2141, norm_loss= 0.2776
09:54:14    	training: t = 140, loss = 4469.1807, norm_loss= 0.3209
09:54:38    	training: t = 160, loss = 1389.3768, norm_loss= 0.2642
09:55:03    	training: t = 180, loss = 1947.5122, norm_loss= 0.2367
09:55:27    	training: t = 200, loss = 5141.4624, norm_loss= 0.3165
09:55:52    	training: t = 220, loss = 3683.7114, norm_loss= 0.2691
09:56:17    	training: t = 240, loss = 2334.4614, norm_loss= 0.3424
09:56:41    	training: t = 260, loss = 2405.5437, norm_loss= 0.4076
09:57:06    	training: t = 280, loss = 1581.6793, norm_loss= 0.3396
09:57:30    	training: t = 300, loss = 3287.3784, norm_loss= 0.3540
09:57:46    Running evaluation...
09:58:02    Eval norm l2 loss: 0.3117, norm total loss: 0.3117
09:58:10    	training: t = 320, loss = 2967.6360, norm_loss= 0.3193
09:58:35    	training: t = 340, loss = 1745.3170, norm_loss= 0.2323
09:58:59    	training: t = 360, loss = 1577.2532, norm_loss= 0.2794
09:59:24    	training: t = 380, loss = 2270.9236, norm_loss= 0.3919
09:59:48    	training: t = 400, loss = 3431.4939, norm_loss= 0.2708
10:00:13    	training: t = 420, loss = 3396.1702, norm_loss= 0.3152
10:00:38    	training: t = 440, loss = 1424.6920, norm_loss= 0.4312
10:01:02    	training: t = 460, loss = 2821.7141, norm_loss= 0.3287
10:01:27    	training: t = 480, loss = 1947.5757, norm_loss= 0.2334
10:01:51    	training: t = 500, loss = 2891.2400, norm_loss= 0.2707
10:02:16    	training: t = 520, loss = 3315.6533, norm_loss= 0.4027
10:02:41    	training: t = 540, loss = 2633.0007, norm_loss= 0.2087
10:03:05    	training: t = 560, loss = 1068.6743, norm_loss= 0.2512
10:03:30    	training: t = 580, loss = 1989.7902, norm_loss= 0.4191
10:03:54    	training: t = 600, loss = 2151.1921, norm_loss= 0.3083
10:04:19    	training: t = 620, loss = 2330.9871, norm_loss= 0.2230
10:04:25    Running evaluation...
10:04:40    Eval norm l2 loss: 0.3124, norm total loss: 0.3124
10:04:59    	training: t = 640, loss = 2758.7861, norm_loss= 0.2554
10:05:23    	training: t = 660, loss = 2726.7539, norm_loss= 0.2200
10:05:48    	training: t = 680, loss = 1683.4459, norm_loss= 0.2986
10:06:12    	training: t = 700, loss = 4892.7324, norm_loss= 0.3699
10:06:37    	training: t = 720, loss = 2037.1564, norm_loss= 0.2302
10:07:01    	training: t = 740, loss = 1478.5709, norm_loss= 0.2260
10:07:26    	training: t = 760, loss = 5187.4287, norm_loss= 0.3501
10:07:51    	training: t = 780, loss = 1589.7692, norm_loss= 0.2760
10:08:15    	training: t = 800, loss = 1881.5677, norm_loss= 0.2746
10:08:40    	training: t = 820, loss = 3024.8711, norm_loss= 0.2916
10:09:04    	training: t = 840, loss = 1946.8235, norm_loss= 0.2457
10:09:29    	training: t = 860, loss = 3275.4614, norm_loss= 0.4561
10:09:53    	training: t = 880, loss = 1957.6002, norm_loss= 0.3819
10:10:18    	training: t = 900, loss = 4484.5674, norm_loss= 0.4367
10:10:43    	training: t = 920, loss = 1812.8026, norm_loss= 0.2549
10:11:03    Running evaluation...
10:11:19    Eval norm l2 loss: 0.3105, norm total loss: 0.3105
10:11:22    	training: t = 940, loss = 3547.7051, norm_loss= 0.2757
10:11:47    	training: t = 960, loss = 1467.6315, norm_loss= 0.1693
10:12:11    	training: t = 980, loss = 3662.7109, norm_loss= 0.2744
10:12:36    	training: t = 1000, loss = 4134.4297, norm_loss= 0.3385
10:13:01    	training: t = 1020, loss = 2392.5979, norm_loss= 0.3621
10:13:25    	training: t = 1040, loss = 7254.7354, norm_loss= 0.5231
10:13:50    	training: t = 1060, loss = 1415.1146, norm_loss= 0.3165
10:14:14    	training: t = 1080, loss = 3434.4299, norm_loss= 0.3650
10:14:39    	training: t = 1100, loss = 1757.9169, norm_loss= 0.2071
10:15:04    	training: t = 1120, loss = 1091.2554, norm_loss= 0.1871
10:15:28    	training: t = 1140, loss = 3396.3210, norm_loss= 0.3951
10:15:53    	training: t = 1160, loss = 3419.9561, norm_loss= 0.2962
10:16:17    	training: t = 1180, loss = 1917.4814, norm_loss= 0.2770
10:16:42    	training: t = 1200, loss = 3084.5176, norm_loss= 0.3110
10:17:06    	training: t = 1220, loss = 2114.4929, norm_loss= 0.2960
10:17:31    	training: t = 1240, loss = 2908.1621, norm_loss= 0.3073
10:17:42    Running evaluation...
10:17:57    Eval norm l2 loss: 0.3171, norm total loss: 0.3171
10:18:11    	training: t = 1260, loss = 2849.5688, norm_loss= 0.2763
10:18:35    	training: t = 1280, loss = 3478.8137, norm_loss= 0.3096
10:19:00    	training: t = 1300, loss = 1586.4537, norm_loss= 0.2247
10:19:25    	training: t = 1320, loss = 2472.3293, norm_loss= 0.3526
10:19:49    	training: t = 1340, loss = 2770.7117, norm_loss= 0.3187
10:20:14    	training: t = 1360, loss = 2337.8701, norm_loss= 0.1928
10:20:38    	training: t = 1380, loss = 3150.0222, norm_loss= 0.2509
10:21:03    	training: t = 1400, loss = 1289.0424, norm_loss= 0.2169
10:21:27    	training: t = 1420, loss = 2796.4976, norm_loss= 0.3022
10:21:52    	training: t = 1440, loss = 1708.1100, norm_loss= 0.2618
10:22:17    	training: t = 1460, loss = 8903.4688, norm_loss= 0.5134
10:22:41    	training: t = 1480, loss = 1072.5005, norm_loss= 0.3368
10:23:06    	training: t = 1500, loss = 1255.6740, norm_loss= 0.3975
10:23:30    	training: t = 1520, loss = 2400.4631, norm_loss= 0.3292
10:23:55    	training: t = 1540, loss = 3150.5947, norm_loss= 0.3425
10:24:19    	training: t = 1560, loss = 1566.5804, norm_loss= 0.2810
10:24:21    Running evaluation...
10:24:36    Eval norm l2 loss: 0.3171, norm total loss: 0.3171
10:24:59    	training: t = 1580, loss = 4094.5623, norm_loss= 0.2532
10:25:24    	training: t = 1600, loss = 3642.0840, norm_loss= 0.2885
10:25:48    	training: t = 1620, loss = 2494.7861, norm_loss= 0.2737
10:26:13    	training: t = 1640, loss = 3760.8406, norm_loss= 0.3209
10:26:37    	training: t = 1660, loss = 2340.6899, norm_loss= 0.3032
10:27:02    	training: t = 1680, loss = 2386.6489, norm_loss= 0.2747
10:27:27    	training: t = 1700, loss = 2995.6616, norm_loss= 0.2855
10:27:51    	training: t = 1720, loss = 1848.3199, norm_loss= 0.3175
10:28:16    	training: t = 1740, loss = 5375.7788, norm_loss= 0.2501
10:28:40    	training: t = 1760, loss = 5724.1426, norm_loss= 0.2835
10:29:05    	training: t = 1780, loss = 2750.8604, norm_loss= 0.2703
10:29:29    	training: t = 1800, loss = 2672.7542, norm_loss= 0.3167
10:29:54    	training: t = 1820, loss = 3984.3220, norm_loss= 0.3238
10:30:19    	training: t = 1840, loss = 2932.5242, norm_loss= 0.3144
10:30:43    	training: t = 1860, loss = 3255.5630, norm_loss= 0.2622
10:30:59    Running evaluation...
10:31:14    Eval norm l2 loss: 0.3046, norm total loss: 0.3046
10:31:23    	training: t = 1880, loss = 2587.8120, norm_loss= 0.2773
10:31:47    	training: t = 1900, loss = 1679.7634, norm_loss= 0.2027
10:32:12    	training: t = 1920, loss = 2687.2798, norm_loss= 0.3346
10:32:37    	training: t = 1940, loss = 1477.5970, norm_loss= 0.3635
10:33:01    	training: t = 1960, loss = 2470.9758, norm_loss= 0.2273
10:33:26    	training: t = 1980, loss = 2365.2068, norm_loss= 0.3349
10:33:50    	training: t = 2000, loss = 1526.5654, norm_loss= 0.2014
10:34:15    	training: t = 2020, loss = 1716.4030, norm_loss= 0.1939
10:34:40    	training: t = 2040, loss = 1136.5164, norm_loss= 0.2841
10:35:04    	training: t = 2060, loss = 2374.7295, norm_loss= 0.3185
10:35:29    	training: t = 2080, loss = 1828.1736, norm_loss= 0.3427
10:35:53    	training: t = 2100, loss = 1724.3239, norm_loss= 0.2492
10:36:18    	training: t = 2120, loss = 7041.1855, norm_loss= 0.3791
10:36:42    	training: t = 2140, loss = 1890.6735, norm_loss= 0.3135
10:37:07    	training: t = 2160, loss = 3297.0088, norm_loss= 0.3560
10:37:32    	training: t = 2180, loss = 1537.1029, norm_loss= 0.3067
10:37:38    Running evaluation...
10:37:53    Eval norm l2 loss: 0.3032, norm total loss: 0.3032
10:38:11    	training: t = 2200, loss = 3676.0879, norm_loss= 0.3634
10:38:36    	training: t = 2220, loss = 3390.7156, norm_loss= 0.2774
10:39:00    	training: t = 2240, loss = 2786.8438, norm_loss= 0.3951
10:39:25    	training: t = 2260, loss = 2927.3643, norm_loss= 0.3478
10:39:50    	training: t = 2280, loss = 1207.3911, norm_loss= 0.3264
10:40:14    	training: t = 2300, loss = 1908.2596, norm_loss= 0.3110
10:40:39    	training: t = 2320, loss = 2593.3704, norm_loss= 0.3200
10:41:03    	training: t = 2340, loss = 1080.6523, norm_loss= 0.3577
10:41:28    	training: t = 2360, loss = 3826.5942, norm_loss= 0.3171
10:41:52    	training: t = 2380, loss = 2435.5037, norm_loss= 0.2071
10:42:17    	training: t = 2400, loss = 1628.5259, norm_loss= 0.2288
10:42:42    	training: t = 2420, loss = 5055.7227, norm_loss= 0.2838
10:43:06    	training: t = 2440, loss = 2246.4399, norm_loss= 0.2673
10:43:31    	training: t = 2460, loss = 2480.2197, norm_loss= 0.2384
10:43:55    	training: t = 2480, loss = 3297.8525, norm_loss= 0.2868
10:44:16    Running evaluation...
10:44:31    Eval norm l2 loss: 0.3010, norm total loss: 0.3010
10:44:35    	training: t = 2500, loss = 2539.8115, norm_loss= 0.3969
10:44:36    Starting epoch 5 / 9...
10:44:36    Running evaluation...
10:44:51    Eval norm l2 loss: 0.3030, norm total loss: 0.3030
10:45:15    	training: t = 20, loss = 2803.6516, norm_loss= 0.3278
10:45:39    	training: t = 40, loss = 4408.8784, norm_loss= 0.4591
10:46:04    	training: t = 60, loss = 2032.8143, norm_loss= 0.2775
10:46:28    	training: t = 80, loss = 1946.6481, norm_loss= 0.3337
10:46:53    	training: t = 100, loss = 2928.9939, norm_loss= 0.3436
10:47:18    	training: t = 120, loss = 4277.2158, norm_loss= 0.2374
10:47:42    	training: t = 140, loss = 1940.1880, norm_loss= 0.2436
10:48:07    	training: t = 160, loss = 4571.7524, norm_loss= 0.3294
10:48:31    	training: t = 180, loss = 1909.3491, norm_loss= 0.2941
10:48:56    	training: t = 200, loss = 4108.6299, norm_loss= 0.3327
10:49:20    	training: t = 220, loss = 1772.9022, norm_loss= 0.3243
10:49:45    	training: t = 240, loss = 2333.2612, norm_loss= 0.2994
10:50:10    	training: t = 260, loss = 2863.8635, norm_loss= 0.3172
10:50:34    	training: t = 280, loss = 1664.1067, norm_loss= 0.2721
10:50:59    	training: t = 300, loss = 3674.3430, norm_loss= 0.2619
10:51:15    Running evaluation...
10:51:30    Eval norm l2 loss: 0.3045, norm total loss: 0.3045
10:51:38    	training: t = 320, loss = 2988.5623, norm_loss= 0.3330
10:52:03    	training: t = 340, loss = 1421.4702, norm_loss= 0.2515
10:52:28    	training: t = 360, loss = 2125.9783, norm_loss= 0.3106
10:52:52    	training: t = 380, loss = 3236.4211, norm_loss= 0.2815
10:53:17    	training: t = 400, loss = 4235.4771, norm_loss= 0.3031
10:53:41    	training: t = 420, loss = 3977.2207, norm_loss= 0.3162
10:54:06    	training: t = 440, loss = 2016.7660, norm_loss= 0.2592
10:54:31    	training: t = 460, loss = 2690.0244, norm_loss= 0.2739
10:54:55    	training: t = 480, loss = 2534.0493, norm_loss= 0.2299
10:55:20    	training: t = 500, loss = 4326.0205, norm_loss= 0.3503
10:55:44    	training: t = 520, loss = 2210.1702, norm_loss= 0.2523
10:56:09    	training: t = 540, loss = 3286.1877, norm_loss= 0.2364
10:56:33    	training: t = 560, loss = 1498.8650, norm_loss= 0.2918
10:56:58    	training: t = 580, loss = 3777.7585, norm_loss= 0.3169
10:57:23    	training: t = 600, loss = 2709.8940, norm_loss= 0.3102
10:57:47    	training: t = 620, loss = 2054.6848, norm_loss= 0.2506
10:57:53    Running evaluation...
10:58:09    Eval norm l2 loss: 0.3070, norm total loss: 0.3070
10:58:27    	training: t = 640, loss = 1511.1086, norm_loss= 0.2579
10:58:52    	training: t = 660, loss = 2138.6392, norm_loss= 0.2783
10:59:16    	training: t = 680, loss = 2108.4231, norm_loss= 0.2339
10:59:41    	training: t = 700, loss = 3734.4309, norm_loss= 0.3229
11:00:05    	training: t = 720, loss = 2199.5083, norm_loss= 0.2988
11:00:30    	training: t = 740, loss = 1628.2988, norm_loss= 0.2130
11:00:55    	training: t = 760, loss = 2388.8926, norm_loss= 0.4030
11:01:19    	training: t = 780, loss = 1485.8987, norm_loss= 0.3953
11:01:44    	training: t = 800, loss = 1408.9637, norm_loss= 0.2749
11:02:08    	training: t = 820, loss = 3837.7656, norm_loss= 0.3080
11:02:33    	training: t = 840, loss = 2589.8167, norm_loss= 0.2840
11:02:57    	training: t = 860, loss = 1471.1992, norm_loss= 0.2450
11:03:22    	training: t = 880, loss = 3358.7239, norm_loss= 0.3399
11:03:47    	training: t = 900, loss = 2136.0098, norm_loss= 0.2768
11:04:11    	training: t = 920, loss = 2783.4189, norm_loss= 0.2835
11:04:32    Running evaluation...
11:04:47    Eval norm l2 loss: 0.3049, norm total loss: 0.3049
11:04:51    	training: t = 940, loss = 3866.9739, norm_loss= 0.4560
11:05:16    	training: t = 960, loss = 2839.7544, norm_loss= 0.2528
11:05:40    	training: t = 980, loss = 2000.9615, norm_loss= 0.2615
11:06:05    	training: t = 1000, loss = 1874.0219, norm_loss= 0.3584
11:06:29    	training: t = 1020, loss = 1414.7578, norm_loss= 0.2618
11:06:54    	training: t = 1040, loss = 1373.9446, norm_loss= 0.2176
11:07:18    	training: t = 1060, loss = 9582.5186, norm_loss= 0.3461
11:07:43    	training: t = 1080, loss = 2178.9465, norm_loss= 0.2307
11:08:08    	training: t = 1100, loss = 4577.9819, norm_loss= 0.2998
11:08:32    	training: t = 1120, loss = 2285.3865, norm_loss= 0.5146
11:08:57    	training: t = 1140, loss = 921.8142, norm_loss= 0.2180
11:09:21    	training: t = 1160, loss = 6915.3882, norm_loss= 0.4399
11:09:46    	training: t = 1180, loss = 1515.9697, norm_loss= 0.3652
11:10:10    	training: t = 1200, loss = 2752.4258, norm_loss= 0.2970
11:10:35    	training: t = 1220, loss = 1848.3970, norm_loss= 0.3268
11:11:00    	training: t = 1240, loss = 2886.3796, norm_loss= 0.2882
11:11:11    Running evaluation...
11:11:26    Eval norm l2 loss: 0.3048, norm total loss: 0.3048
11:11:39    	training: t = 1260, loss = 3598.2173, norm_loss= 0.2344
11:12:04    	training: t = 1280, loss = 4094.3459, norm_loss= 0.2491
11:12:29    	training: t = 1300, loss = 2682.3203, norm_loss= 0.2972
11:12:53    	training: t = 1320, loss = 2722.0977, norm_loss= 0.3229
11:13:18    	training: t = 1340, loss = 2451.7034, norm_loss= 0.2318
11:13:42    	training: t = 1360, loss = 2323.8262, norm_loss= 0.3305
11:14:07    	training: t = 1380, loss = 1970.6411, norm_loss= 0.2785
11:14:31    	training: t = 1400, loss = 1104.2167, norm_loss= 0.2959
11:14:56    	training: t = 1420, loss = 1796.4031, norm_loss= 0.2658
11:15:21    	training: t = 1440, loss = 2468.5371, norm_loss= 0.3126
11:15:45    	training: t = 1460, loss = 3423.4871, norm_loss= 0.3556
11:16:10    	training: t = 1480, loss = 1672.1930, norm_loss= 0.2776
11:16:34    	training: t = 1500, loss = 6661.7979, norm_loss= 0.3892
11:16:59    	training: t = 1520, loss = 2522.0227, norm_loss= 0.3635
11:17:23    	training: t = 1540, loss = 3946.7893, norm_loss= 0.2678
11:17:48    	training: t = 1560, loss = 1770.4626, norm_loss= 0.1941
11:17:49    Running evaluation...
11:18:04    Eval norm l2 loss: 0.2996, norm total loss: 0.2996
11:18:28    	training: t = 1580, loss = 4183.7524, norm_loss= 0.3565
11:18:52    	training: t = 1600, loss = 5748.6914, norm_loss= 0.3272
11:19:17    	training: t = 1620, loss = 1666.0330, norm_loss= 0.3203
11:19:42    	training: t = 1640, loss = 1420.9698, norm_loss= 0.3448
11:20:06    	training: t = 1660, loss = 1483.0479, norm_loss= 0.2589
11:20:31    	training: t = 1680, loss = 2106.7205, norm_loss= 0.3504
11:20:55    	training: t = 1700, loss = 1962.8003, norm_loss= 0.2980
11:21:20    	training: t = 1720, loss = 4901.7520, norm_loss= 0.3569
11:21:44    	training: t = 1740, loss = 3975.5457, norm_loss= 0.3178
11:22:09    	training: t = 1760, loss = 1257.7623, norm_loss= 0.3578
11:22:34    	training: t = 1780, loss = 1633.6091, norm_loss= 0.3727
11:22:58    	training: t = 1800, loss = 3316.7935, norm_loss= 0.2575
11:23:23    	training: t = 1820, loss = 4210.1963, norm_loss= 0.3172
11:23:47    	training: t = 1840, loss = 1741.8690, norm_loss= 0.2461
11:24:12    	training: t = 1860, loss = 2095.4395, norm_loss= 0.1974
11:24:28    Running evaluation...
11:24:43    Eval norm l2 loss: 0.3019, norm total loss: 0.3019
11:24:52    	training: t = 1880, loss = 2252.4004, norm_loss= 0.2543
11:25:16    	training: t = 1900, loss = 2077.5898, norm_loss= 0.3231
11:25:41    	training: t = 1920, loss = 1593.5012, norm_loss= 0.2686
11:26:05    	training: t = 1940, loss = 3046.1672, norm_loss= 0.2413
11:26:30    	training: t = 1960, loss = 1936.9855, norm_loss= 0.2937
11:26:54    	training: t = 1980, loss = 1939.8348, norm_loss= 0.2121
11:27:19    	training: t = 2000, loss = 3097.3491, norm_loss= 0.3430
11:27:44    	training: t = 2020, loss = 1168.8676, norm_loss= 0.2663
11:28:08    	training: t = 2040, loss = 1926.0641, norm_loss= 0.2785
11:28:33    	training: t = 2060, loss = 3473.3867, norm_loss= 0.2857
11:28:57    	training: t = 2080, loss = 3205.6257, norm_loss= 0.3008
11:29:22    	training: t = 2100, loss = 1870.1149, norm_loss= 0.3898
11:29:47    	training: t = 2120, loss = 1294.8578, norm_loss= 0.2967
11:30:11    	training: t = 2140, loss = 3178.1179, norm_loss= 0.2983
11:30:36    	training: t = 2160, loss = 3659.0579, norm_loss= 0.4166
11:31:00    	training: t = 2180, loss = 2479.6892, norm_loss= 0.2524
11:31:06    Running evaluation...
11:31:22    Eval norm l2 loss: 0.2936, norm total loss: 0.2936
11:31:40    	training: t = 2200, loss = 2216.1453, norm_loss= 0.2008
11:32:05    	training: t = 2220, loss = 1745.7910, norm_loss= 0.2399
11:32:29    	training: t = 2240, loss = 1077.7009, norm_loss= 0.2138
11:32:54    	training: t = 2260, loss = 4240.1992, norm_loss= 0.3208
11:33:18    	training: t = 2280, loss = 2575.5645, norm_loss= 0.3271
11:33:43    	training: t = 2300, loss = 2430.4302, norm_loss= 0.3168
11:34:07    	training: t = 2320, loss = 3006.3801, norm_loss= 0.2654
11:34:32    	training: t = 2340, loss = 2898.0120, norm_loss= 0.3050
11:34:57    	training: t = 2360, loss = 2316.7639, norm_loss= 0.2301
11:35:21    	training: t = 2380, loss = 1941.3058, norm_loss= 0.2213
11:35:46    	training: t = 2400, loss = 3671.2603, norm_loss= 0.3309
11:36:10    	training: t = 2420, loss = 2343.5122, norm_loss= 0.3063
11:36:35    	training: t = 2440, loss = 2730.2510, norm_loss= 0.3580
11:36:59    	training: t = 2460, loss = 1551.3801, norm_loss= 0.2866
11:37:24    	training: t = 2480, loss = 2510.2339, norm_loss= 0.3658
11:37:45    Running evaluation...
11:38:00    Eval norm l2 loss: 0.2944, norm total loss: 0.2944
11:38:04    	training: t = 2500, loss = 4743.1064, norm_loss= 0.5075
11:38:04    Starting epoch 6 / 9...
11:38:05    Running evaluation...
11:38:20    Eval norm l2 loss: 0.2925, norm total loss: 0.2925
11:38:44    	training: t = 20, loss = 1737.5859, norm_loss= 0.2215
11:39:08    	training: t = 40, loss = 2691.5779, norm_loss= 0.3385
11:39:33    	training: t = 60, loss = 2364.7207, norm_loss= 0.2533
11:39:57    	training: t = 80, loss = 3672.6436, norm_loss= 0.2496
11:40:22    	training: t = 100, loss = 2670.4929, norm_loss= 0.2505
11:40:46    	training: t = 120, loss = 1722.0854, norm_loss= 0.2740
11:41:11    	training: t = 140, loss = 1338.6462, norm_loss= 0.2619
11:41:35    	training: t = 160, loss = 1472.0559, norm_loss= 0.2285
11:42:00    	training: t = 180, loss = 2273.6755, norm_loss= 0.2889
11:42:25    	training: t = 200, loss = 2155.3022, norm_loss= 0.2527
11:42:49    	training: t = 220, loss = 1001.4379, norm_loss= 0.3107
11:43:14    	training: t = 240, loss = 4355.6187, norm_loss= 0.3449
11:43:38    	training: t = 260, loss = 1609.3501, norm_loss= 0.3338
11:44:03    	training: t = 280, loss = 2495.2021, norm_loss= 0.4221
11:44:28    	training: t = 300, loss = 1466.8578, norm_loss= 0.2156
11:44:44    Running evaluation...
11:44:59    Eval norm l2 loss: 0.2902, norm total loss: 0.2902
11:45:07    	training: t = 320, loss = 1392.5743, norm_loss= 0.2665
11:45:32    	training: t = 340, loss = 3131.6299, norm_loss= 0.3275
11:45:56    	training: t = 360, loss = 2202.0500, norm_loss= 0.3334
11:46:21    	training: t = 380, loss = 3597.7197, norm_loss= 0.3408
11:46:45    	training: t = 400, loss = 2469.6318, norm_loss= 0.3025
11:47:10    	training: t = 420, loss = 6323.5107, norm_loss= 0.3147
11:47:35    	training: t = 440, loss = 4823.5679, norm_loss= 0.2732
11:47:59    	training: t = 460, loss = 2083.7805, norm_loss= 0.2942
11:48:24    	training: t = 480, loss = 2522.8831, norm_loss= 0.2529
11:48:48    	training: t = 500, loss = 1759.6531, norm_loss= 0.2702
11:49:13    	training: t = 520, loss = 2121.4192, norm_loss= 0.2749
11:49:38    	training: t = 540, loss = 4348.6699, norm_loss= 0.2743
11:50:02    	training: t = 560, loss = 2845.4780, norm_loss= 0.3001
11:50:27    	training: t = 580, loss = 2715.1040, norm_loss= 0.2285
11:50:51    	training: t = 600, loss = 1877.5930, norm_loss= 0.2483
11:51:16    	training: t = 620, loss = 1286.8867, norm_loss= 0.2141
11:51:22    Running evaluation...
11:51:37    Eval norm l2 loss: 0.2899, norm total loss: 0.2899
11:51:56    	training: t = 640, loss = 2610.9573, norm_loss= 0.2145
11:52:20    	training: t = 660, loss = 3811.7793, norm_loss= 0.2931
11:52:45    	training: t = 680, loss = 972.3516, norm_loss= 0.2386
11:53:09    	training: t = 700, loss = 5287.1831, norm_loss= 0.3192
11:53:34    	training: t = 720, loss = 2214.8000, norm_loss= 0.2691
11:53:58    	training: t = 740, loss = 1765.5482, norm_loss= 0.2158
11:54:23    	training: t = 760, loss = 1895.1826, norm_loss= 0.2399
11:54:48    	training: t = 780, loss = 2759.3896, norm_loss= 0.3001
11:55:12    	training: t = 800, loss = 1556.6388, norm_loss= 0.2868
11:55:37    	training: t = 820, loss = 1024.1813, norm_loss= 0.2443
11:56:01    	training: t = 840, loss = 1877.1827, norm_loss= 0.2731
11:56:26    	training: t = 860, loss = 1818.6180, norm_loss= 0.2817
11:56:50    	training: t = 880, loss = 3058.7603, norm_loss= 0.3360
11:57:15    	training: t = 900, loss = 3998.2368, norm_loss= 0.2581
11:57:40    	training: t = 920, loss = 1760.2468, norm_loss= 0.2674
11:58:00    Running evaluation...
11:58:16    Eval norm l2 loss: 0.2902, norm total loss: 0.2902
11:58:19    	training: t = 940, loss = 2866.1780, norm_loss= 0.2331
11:58:44    	training: t = 960, loss = 2398.3022, norm_loss= 0.2656
11:59:09    	training: t = 980, loss = 3747.4651, norm_loss= 0.2870
11:59:33    	training: t = 1000, loss = 3406.0627, norm_loss= 0.3160
11:59:58    	training: t = 1020, loss = 4393.4463, norm_loss= 0.3426
12:00:22    	training: t = 1040, loss = 1522.4810, norm_loss= 0.2377
12:00:47    	training: t = 1060, loss = 2061.5974, norm_loss= 0.2973
12:01:11    	training: t = 1080, loss = 4219.9277, norm_loss= 0.2418
12:01:36    	training: t = 1100, loss = 4534.9785, norm_loss= 0.3256
12:02:01    	training: t = 1120, loss = 1201.1698, norm_loss= 0.2903
12:02:25    	training: t = 1140, loss = 1821.8130, norm_loss= 0.3552
12:02:50    	training: t = 1160, loss = 2708.2393, norm_loss= 0.3968
12:03:14    	training: t = 1180, loss = 3846.5615, norm_loss= 0.2466
12:03:39    	training: t = 1200, loss = 1863.4067, norm_loss= 0.2519
12:04:03    	training: t = 1220, loss = 2097.4829, norm_loss= 0.2772
12:04:28    	training: t = 1240, loss = 3015.0500, norm_loss= 0.3132
12:04:39    Running evaluation...
12:04:54    Eval norm l2 loss: 0.2948, norm total loss: 0.2948
12:05:08    	training: t = 1260, loss = 5023.0659, norm_loss= 0.3909
12:05:32    	training: t = 1280, loss = 1680.6705, norm_loss= 0.3373
12:05:57    	training: t = 1300, loss = 2495.2732, norm_loss= 0.3412
12:06:21    	training: t = 1320, loss = 3112.5623, norm_loss= 0.3060
12:06:46    	training: t = 1340, loss = 882.2641, norm_loss= 0.2922
12:07:11    	training: t = 1360, loss = 1724.8596, norm_loss= 0.2134
12:07:35    	training: t = 1380, loss = 2549.0691, norm_loss= 0.2966
12:08:00    	training: t = 1400, loss = 3295.7092, norm_loss= 0.2336
12:08:24    	training: t = 1420, loss = 2627.6145, norm_loss= 0.3031
12:08:49    	training: t = 1440, loss = 1677.3470, norm_loss= 0.2825
12:09:13    	training: t = 1460, loss = 3004.2571, norm_loss= 0.4464
12:09:38    	training: t = 1480, loss = 1206.5938, norm_loss= 0.2314
12:10:03    	training: t = 1500, loss = 4015.1785, norm_loss= 0.3914
12:10:27    	training: t = 1520, loss = 2431.8560, norm_loss= 0.3105
12:10:52    	training: t = 1540, loss = 2535.4878, norm_loss= 0.2917
12:11:16    	training: t = 1560, loss = 1268.0923, norm_loss= 0.1929
12:11:18    Running evaluation...
12:11:33    Eval norm l2 loss: 0.2912, norm total loss: 0.2912
12:11:56    	training: t = 1580, loss = 2196.8120, norm_loss= 0.2784
12:12:21    	training: t = 1600, loss = 2733.0754, norm_loss= 0.3282
12:12:45    	training: t = 1620, loss = 3225.4028, norm_loss= 0.3934
12:13:10    	training: t = 1640, loss = 2074.3130, norm_loss= 0.2419
12:13:34    	training: t = 1660, loss = 3710.5164, norm_loss= 0.3337
12:13:59    	training: t = 1680, loss = 2420.8977, norm_loss= 0.2182
12:14:23    	training: t = 1700, loss = 2364.5427, norm_loss= 0.1980
12:14:48    	training: t = 1720, loss = 1669.8922, norm_loss= 0.1897
12:15:13    	training: t = 1740, loss = 1676.3705, norm_loss= 0.1649
12:15:37    	training: t = 1760, loss = 1683.9229, norm_loss= 0.2296
12:16:02    	training: t = 1780, loss = 1998.7200, norm_loss= 0.2771
12:16:26    	training: t = 1800, loss = 4084.3462, norm_loss= 0.3325
12:16:51    	training: t = 1820, loss = 1905.7819, norm_loss= 0.2943
12:17:16    	training: t = 1840, loss = 2009.9463, norm_loss= 0.2398
12:17:40    	training: t = 1860, loss = 2916.7117, norm_loss= 0.2557
12:17:56    Running evaluation...
12:18:11    Eval norm l2 loss: 0.2903, norm total loss: 0.2903
12:18:20    	training: t = 1880, loss = 2413.0125, norm_loss= 0.3852
12:18:44    	training: t = 1900, loss = 2930.9683, norm_loss= 0.3925
12:19:09    	training: t = 1920, loss = 2089.4514, norm_loss= 0.3051
12:19:34    	training: t = 1940, loss = 2426.6179, norm_loss= 0.1679
12:19:58    	training: t = 1960, loss = 1349.5414, norm_loss= 0.2151
12:20:23    	training: t = 1980, loss = 3566.3611, norm_loss= 0.2321
12:20:47    	training: t = 2000, loss = 2205.9404, norm_loss= 0.3722
12:21:12    	training: t = 2020, loss = 2484.2285, norm_loss= 0.2869
12:21:36    	training: t = 2040, loss = 1495.1272, norm_loss= 0.2240
12:22:01    	training: t = 2060, loss = 1956.1771, norm_loss= 0.1865
12:22:26    	training: t = 2080, loss = 1916.9133, norm_loss= 0.2233
12:22:50    	training: t = 2100, loss = 3721.9119, norm_loss= 0.3165
12:23:15    	training: t = 2120, loss = 2967.7231, norm_loss= 0.2255
12:23:39    	training: t = 2140, loss = 4721.2036, norm_loss= 0.2748
12:24:04    	training: t = 2160, loss = 1685.9412, norm_loss= 0.2123
12:24:28    	training: t = 2180, loss = 3081.1323, norm_loss= 0.2666
12:24:35    Running evaluation...
12:24:50    Eval norm l2 loss: 0.2958, norm total loss: 0.2958
12:25:08    	training: t = 2200, loss = 1438.3143, norm_loss= 0.1862
12:25:33    	training: t = 2220, loss = 3260.4324, norm_loss= 0.2456
12:25:57    	training: t = 2240, loss = 4480.5684, norm_loss= 0.2991
12:26:22    	training: t = 2260, loss = 4253.5874, norm_loss= 0.2399
12:26:46    	training: t = 2280, loss = 1341.1150, norm_loss= 0.1911
12:27:11    	training: t = 2300, loss = 1574.2617, norm_loss= 0.2346
12:27:36    	training: t = 2320, loss = 3023.6487, norm_loss= 0.2923
12:28:00    	training: t = 2340, loss = 4366.1484, norm_loss= 0.4308
12:28:25    	training: t = 2360, loss = 3110.7319, norm_loss= 0.2742
12:28:49    	training: t = 2380, loss = 927.7346, norm_loss= 0.2033
12:29:14    	training: t = 2400, loss = 2107.6899, norm_loss= 0.3899
12:29:38    	training: t = 2420, loss = 1237.9939, norm_loss= 0.1426
12:30:03    	training: t = 2440, loss = 1096.8296, norm_loss= 0.2158
12:30:28    	training: t = 2460, loss = 2243.8640, norm_loss= 0.3275
12:30:52    	training: t = 2480, loss = 2982.5046, norm_loss= 0.2432
12:31:13    Running evaluation...
12:31:28    Eval norm l2 loss: 0.2896, norm total loss: 0.2896
12:31:32    	training: t = 2500, loss = 2080.7512, norm_loss= 0.1886
12:31:32    Starting epoch 7 / 9...
12:31:33    Running evaluation...
12:31:48    Eval norm l2 loss: 0.2899, norm total loss: 0.2899
12:32:12    	training: t = 20, loss = 1428.9849, norm_loss= 0.1587
12:32:36    	training: t = 40, loss = 1677.9089, norm_loss= 0.2214
12:33:01    	training: t = 60, loss = 1338.8397, norm_loss= 0.2248
12:33:25    	training: t = 80, loss = 4715.8872, norm_loss= 0.3722
12:33:50    	training: t = 100, loss = 3933.2363, norm_loss= 0.3085
12:34:14    	training: t = 120, loss = 3424.9612, norm_loss= 0.3034
12:34:39    	training: t = 140, loss = 1320.7633, norm_loss= 0.1569
12:35:04    	training: t = 160, loss = 1984.9128, norm_loss= 0.2989
12:35:28    	training: t = 180, loss = 2789.0498, norm_loss= 0.2176
12:35:53    	training: t = 200, loss = 2260.1135, norm_loss= 0.2782
12:36:17    	training: t = 220, loss = 2986.3379, norm_loss= 0.2805
12:36:42    	training: t = 240, loss = 2955.9187, norm_loss= 0.2112
12:37:06    	training: t = 260, loss = 4538.0420, norm_loss= 0.3725
12:37:31    	training: t = 280, loss = 1998.3193, norm_loss= 0.1663
12:37:56    	training: t = 300, loss = 2399.3801, norm_loss= 0.1819
12:38:12    Running evaluation...
12:38:27    Eval norm l2 loss: 0.2927, norm total loss: 0.2927
12:38:35    	training: t = 320, loss = 2258.5383, norm_loss= 0.2059
12:39:00    	training: t = 340, loss = 1698.6206, norm_loss= 0.4664
12:39:24    	training: t = 360, loss = 3574.3391, norm_loss= 0.2654
12:39:49    	training: t = 380, loss = 3478.2710, norm_loss= 0.3188
12:40:14    	training: t = 400, loss = 4903.1523, norm_loss= 0.2617
12:40:38    	training: t = 420, loss = 2082.4075, norm_loss= 0.2132
12:41:03    	training: t = 440, loss = 3564.7422, norm_loss= 0.2489
12:41:27    	training: t = 460, loss = 2820.7429, norm_loss= 0.2046
12:41:52    	training: t = 480, loss = 3784.8574, norm_loss= 0.3191
12:42:16    	training: t = 500, loss = 1897.4707, norm_loss= 0.1707
12:42:41    	training: t = 520, loss = 3618.6526, norm_loss= 0.2897
12:43:06    	training: t = 540, loss = 2800.6868, norm_loss= 0.4139
12:43:30    	training: t = 560, loss = 2669.2019, norm_loss= 0.3637
12:43:55    	training: t = 580, loss = 5284.0864, norm_loss= 0.4123
12:44:19    	training: t = 600, loss = 1970.1853, norm_loss= 0.2581
12:44:44    	training: t = 620, loss = 3682.3633, norm_loss= 0.2398
12:44:50    Running evaluation...
12:45:05    Eval norm l2 loss: 0.2807, norm total loss: 0.2807
12:45:24    	training: t = 640, loss = 2940.1030, norm_loss= 0.1984
12:45:48    	training: t = 660, loss = 2400.4285, norm_loss= 0.2319
12:46:13    	training: t = 680, loss = 2949.5095, norm_loss= 0.2727
12:46:37    	training: t = 700, loss = 2620.6750, norm_loss= 0.2613
12:47:02    	training: t = 720, loss = 1832.0261, norm_loss= 0.2834
12:47:26    	training: t = 740, loss = 1043.7177, norm_loss= 0.3418
12:47:51    	training: t = 760, loss = 4057.2007, norm_loss= 0.3152
12:48:16    	training: t = 780, loss = 3360.4739, norm_loss= 0.3774
12:48:40    	training: t = 800, loss = 4558.4399, norm_loss= 0.2639
12:49:05    	training: t = 820, loss = 2872.6255, norm_loss= 0.2416
12:49:29    	training: t = 840, loss = 3273.7161, norm_loss= 0.2849
12:49:54    	training: t = 860, loss = 1645.1565, norm_loss= 0.3944
12:50:18    	training: t = 880, loss = 2064.0405, norm_loss= 0.2506
12:50:43    	training: t = 900, loss = 2522.5552, norm_loss= 0.2934
12:51:08    	training: t = 920, loss = 3226.0950, norm_loss= 0.4084
12:51:28    Running evaluation...
12:51:44    Eval norm l2 loss: 0.2924, norm total loss: 0.2924
12:51:47    	training: t = 940, loss = 4015.5132, norm_loss= 0.2675
12:52:12    	training: t = 960, loss = 3117.9077, norm_loss= 0.2838
12:52:36    	training: t = 980, loss = 3216.1267, norm_loss= 0.2040
12:53:01    	training: t = 1000, loss = 4982.0273, norm_loss= 0.4625
12:53:26    	training: t = 1020, loss = 1350.4545, norm_loss= 0.2333
12:53:50    	training: t = 1040, loss = 2802.6450, norm_loss= 0.2486
12:54:15    	training: t = 1060, loss = 2984.4624, norm_loss= 0.2515
12:54:39    	training: t = 1080, loss = 5314.1616, norm_loss= 0.5212
12:55:04    	training: t = 1100, loss = 2283.7034, norm_loss= 0.2939
12:55:28    	training: t = 1120, loss = 2506.7710, norm_loss= 0.2507
12:55:53    	training: t = 1140, loss = 1883.1571, norm_loss= 0.3646
12:56:18    	training: t = 1160, loss = 1181.9219, norm_loss= 0.2529
12:56:42    	training: t = 1180, loss = 1360.3374, norm_loss= 0.2871
12:57:07    	training: t = 1200, loss = 2557.0442, norm_loss= 0.1951
12:57:31    	training: t = 1220, loss = 847.2025, norm_loss= 0.2297
12:57:56    	training: t = 1240, loss = 2899.8694, norm_loss= 0.3197
12:58:07    Running evaluation...
12:58:22    Eval norm l2 loss: 0.2831, norm total loss: 0.2831
12:58:36    	training: t = 1260, loss = 2059.8157, norm_loss= 0.2801
12:59:00    	training: t = 1280, loss = 3327.5828, norm_loss= 0.3029
12:59:25    	training: t = 1300, loss = 2447.8418, norm_loss= 0.3376
12:59:49    	training: t = 1320, loss = 1453.6836, norm_loss= 0.2923
01:00:14    	training: t = 1340, loss = 1342.3623, norm_loss= 0.1889
01:00:38    	training: t = 1360, loss = 3823.9351, norm_loss= 0.3157
01:01:03    	training: t = 1380, loss = 1809.3499, norm_loss= 0.3206
01:01:28    	training: t = 1400, loss = 2411.5562, norm_loss= 0.2619
01:01:52    	training: t = 1420, loss = 1740.2740, norm_loss= 0.2421
01:02:17    	training: t = 1440, loss = 1746.3854, norm_loss= 0.1508
01:02:41    	training: t = 1460, loss = 5614.1421, norm_loss= 0.3129
01:03:06    	training: t = 1480, loss = 1363.4628, norm_loss= 0.2939
01:03:30    	training: t = 1500, loss = 6344.0771, norm_loss= 0.4430
01:03:55    	training: t = 1520, loss = 2053.6169, norm_loss= 0.2183
01:04:20    	training: t = 1540, loss = 1209.9624, norm_loss= 0.2739
01:04:44    	training: t = 1560, loss = 2859.4771, norm_loss= 0.3634
01:04:45    Running evaluation...
01:05:01    Eval norm l2 loss: 0.2853, norm total loss: 0.2853
01:05:24    	training: t = 1580, loss = 2856.7390, norm_loss= 0.3000
01:05:48    	training: t = 1600, loss = 2637.4631, norm_loss= 0.2139
01:06:13    	training: t = 1620, loss = 1571.9216, norm_loss= 0.2454
01:06:38    	training: t = 1640, loss = 4372.0903, norm_loss= 0.3464
01:07:02    	training: t = 1660, loss = 2082.6411, norm_loss= 0.1965
01:07:27    	training: t = 1680, loss = 1126.3602, norm_loss= 0.1459
01:07:51    	training: t = 1700, loss = 3481.1465, norm_loss= 0.2608
01:08:16    	training: t = 1720, loss = 1456.8646, norm_loss= 0.2138
01:08:40    	training: t = 1740, loss = 2422.6182, norm_loss= 0.2945
01:09:05    	training: t = 1760, loss = 2035.8268, norm_loss= 0.2676
01:09:30    	training: t = 1780, loss = 2658.6299, norm_loss= 0.3365
01:09:54    	training: t = 1800, loss = 1911.0059, norm_loss= 0.2025
01:10:19    	training: t = 1820, loss = 3328.3228, norm_loss= 0.2851
01:10:43    	training: t = 1840, loss = 2981.5051, norm_loss= 0.2148
01:11:08    	training: t = 1860, loss = 2380.1670, norm_loss= 0.2151
01:11:24    Running evaluation...
01:11:39    Eval norm l2 loss: 0.2864, norm total loss: 0.2864
01:11:48    	training: t = 1880, loss = 1888.0225, norm_loss= 0.2792
01:12:12    	training: t = 1900, loss = 1625.4978, norm_loss= 0.3189
01:12:37    	training: t = 1920, loss = 3031.4924, norm_loss= 0.2771
01:13:01    	training: t = 1940, loss = 2118.1797, norm_loss= 0.2614
01:13:26    	training: t = 1960, loss = 3201.6577, norm_loss= 0.3258
01:13:50    	training: t = 1980, loss = 1477.8207, norm_loss= 0.2826
01:14:15    	training: t = 2000, loss = 2058.1611, norm_loss= 0.2853
01:14:40    	training: t = 2020, loss = 4364.4346, norm_loss= 0.4008
01:15:04    	training: t = 2040, loss = 1273.8757, norm_loss= 0.3703
01:15:29    	training: t = 2060, loss = 2727.5151, norm_loss= 0.2193
01:15:53    	training: t = 2080, loss = 2131.4597, norm_loss= 0.2776
01:16:18    	training: t = 2100, loss = 3578.8855, norm_loss= 0.2925
01:16:43    	training: t = 2120, loss = 2766.9614, norm_loss= 0.3287
01:17:07    	training: t = 2140, loss = 1253.8033, norm_loss= 0.2419
01:17:32    	training: t = 2160, loss = 1784.8511, norm_loss= 0.2090
01:17:56    	training: t = 2180, loss = 3006.5239, norm_loss= 0.1908
01:18:02    Running evaluation...
01:18:18    Eval norm l2 loss: 0.2785, norm total loss: 0.2785
01:18:36    	training: t = 2200, loss = 3779.9141, norm_loss= 0.2198
01:19:01    	training: t = 2220, loss = 2102.8835, norm_loss= 0.2518
01:19:25    	training: t = 2240, loss = 3570.6848, norm_loss= 0.2586
01:19:50    	training: t = 2260, loss = 1670.0623, norm_loss= 0.2516
01:20:14    	training: t = 2280, loss = 1657.1724, norm_loss= 0.2220
01:20:39    	training: t = 2300, loss = 2020.2271, norm_loss= 0.3105
01:21:03    	training: t = 2320, loss = 3305.3611, norm_loss= 0.3115
01:21:28    	training: t = 2340, loss = 2353.0715, norm_loss= 0.2974
01:21:52    	training: t = 2360, loss = 2523.4707, norm_loss= 0.2287
01:22:17    	training: t = 2380, loss = 2613.0669, norm_loss= 0.2749
01:22:42    	training: t = 2400, loss = 1891.8452, norm_loss= 0.3570
01:23:06    	training: t = 2420, loss = 907.2189, norm_loss= 0.3996
01:23:31    	training: t = 2440, loss = 1853.1160, norm_loss= 0.2347
01:23:55    	training: t = 2460, loss = 2776.4319, norm_loss= 0.3045
01:24:20    	training: t = 2480, loss = 1846.0988, norm_loss= 0.2200
01:24:41    Running evaluation...
01:24:56    Eval norm l2 loss: 0.2822, norm total loss: 0.2822
01:25:00    	training: t = 2500, loss = 1702.3959, norm_loss= 0.2259
01:25:00    Starting epoch 8 / 9...
01:25:00    Lowering rate for refinement
01:25:01    Running evaluation...
01:25:16    Eval norm l2 loss: 0.2832, norm total loss: 0.2832
01:25:39    	training: t = 20, loss = 2308.1189, norm_loss= 0.1898
01:26:04    	training: t = 40, loss = 1804.3262, norm_loss= 0.1932
01:26:28    	training: t = 60, loss = 2580.6316, norm_loss= 0.2740
01:26:53    	training: t = 80, loss = 3886.3518, norm_loss= 0.3003
01:27:17    	training: t = 100, loss = 2008.9978, norm_loss= 0.2180
01:27:42    	training: t = 120, loss = 1889.3497, norm_loss= 0.1739
01:28:06    	training: t = 140, loss = 1784.9526, norm_loss= 0.2096
01:28:31    	training: t = 160, loss = 2911.3247, norm_loss= 0.3283
01:28:56    	training: t = 180, loss = 1039.0115, norm_loss= 0.1954
01:29:20    	training: t = 200, loss = 1597.7544, norm_loss= 0.2040
01:29:45    	training: t = 220, loss = 2727.6782, norm_loss= 0.2852
01:30:09    	training: t = 240, loss = 1795.6158, norm_loss= 0.2305
01:30:34    	training: t = 260, loss = 2117.1018, norm_loss= 0.3405
01:30:58    	training: t = 280, loss = 1369.4495, norm_loss= 0.2566
01:31:23    	training: t = 300, loss = 9285.2979, norm_loss= 0.4516
01:31:39    Running evaluation...
01:31:54    Eval norm l2 loss: 0.2776, norm total loss: 0.2776
01:32:02    	training: t = 320, loss = 1613.0157, norm_loss= 0.3244
01:32:27    	training: t = 340, loss = 2827.3406, norm_loss= 0.2597
01:32:51    	training: t = 360, loss = 2581.5659, norm_loss= 0.2547
01:33:16    	training: t = 380, loss = 2657.8508, norm_loss= 0.2718
01:33:41    	training: t = 400, loss = 4233.2104, norm_loss= 0.2275
01:34:05    	training: t = 420, loss = 2003.0697, norm_loss= 0.2009
01:34:30    	training: t = 440, loss = 1918.4863, norm_loss= 0.2132
01:34:54    	training: t = 460, loss = 2744.6313, norm_loss= 0.1852
01:35:19    	training: t = 480, loss = 2406.6521, norm_loss= 0.2799
01:35:43    	training: t = 500, loss = 1699.7231, norm_loss= 0.2351
01:36:08    	training: t = 520, loss = 6147.0996, norm_loss= 0.3966
01:36:32    	training: t = 540, loss = 2196.7695, norm_loss= 0.2798
01:36:57    	training: t = 560, loss = 2661.7881, norm_loss= 0.2744
01:37:21    	training: t = 580, loss = 4869.9258, norm_loss= 0.2978
01:37:46    	training: t = 600, loss = 1978.8507, norm_loss= 0.1960
01:38:10    	training: t = 620, loss = 1539.0436, norm_loss= 0.2161
01:38:16    Running evaluation...
01:38:32    Eval norm l2 loss: 0.2762, norm total loss: 0.2762
01:38:50    	training: t = 640, loss = 3131.4417, norm_loss= 0.2429
01:39:15    	training: t = 660, loss = 2203.2734, norm_loss= 0.2212
01:39:39    	training: t = 680, loss = 2130.9458, norm_loss= 0.1770
01:40:04    	training: t = 700, loss = 2035.8167, norm_loss= 0.2160
01:40:28    	training: t = 720, loss = 1426.8745, norm_loss= 0.2323
01:40:53    	training: t = 740, loss = 2543.9250, norm_loss= 0.2359
01:41:17    	training: t = 760, loss = 1036.9768, norm_loss= 0.2228
01:41:42    	training: t = 780, loss = 3154.4253, norm_loss= 0.2804
01:42:06    	training: t = 800, loss = 1843.9344, norm_loss= 0.3150
01:42:31    	training: t = 820, loss = 1285.8518, norm_loss= 0.2762
01:42:55    	training: t = 840, loss = 2446.2427, norm_loss= 0.2306
01:43:20    	training: t = 860, loss = 2761.6416, norm_loss= 0.2437
01:43:44    	training: t = 880, loss = 2340.9155, norm_loss= 0.2578
01:44:09    	training: t = 900, loss = 3720.4138, norm_loss= 0.2482
01:44:33    	training: t = 920, loss = 1420.5466, norm_loss= 0.2130
01:44:54    Running evaluation...
01:45:09    Eval norm l2 loss: 0.2752, norm total loss: 0.2752
01:45:13    	training: t = 940, loss = 2693.5974, norm_loss= 0.2121
01:45:38    	training: t = 960, loss = 1893.5715, norm_loss= 0.2388
01:46:02    	training: t = 980, loss = 2539.1631, norm_loss= 0.2052
01:46:27    	training: t = 1000, loss = 3842.4258, norm_loss= 0.2327
01:46:51    	training: t = 1020, loss = 1426.9044, norm_loss= 0.2641
01:47:16    	training: t = 1040, loss = 1693.2240, norm_loss= 0.1770
01:47:40    	training: t = 1060, loss = 1578.2369, norm_loss= 0.2120
01:48:05    	training: t = 1080, loss = 2184.2388, norm_loss= 0.2684
01:48:29    	training: t = 1100, loss = 2521.1479, norm_loss= 0.3219
01:48:54    	training: t = 1120, loss = 1869.9507, norm_loss= 0.2306
01:49:18    	training: t = 1140, loss = 2256.7219, norm_loss= 0.2417
01:49:43    	training: t = 1160, loss = 1988.3842, norm_loss= 0.2500
01:50:08    	training: t = 1180, loss = 2682.0732, norm_loss= 0.1956
01:50:32    	training: t = 1200, loss = 2407.1553, norm_loss= 0.2221
01:50:57    	training: t = 1220, loss = 2664.4043, norm_loss= 0.1902
01:51:21    	training: t = 1240, loss = 4419.4878, norm_loss= 0.2361
01:51:32    Running evaluation...
01:51:47    Eval norm l2 loss: 0.2745, norm total loss: 0.2745
01:52:01    	training: t = 1260, loss = 3026.7981, norm_loss= 0.2385
01:52:25    	training: t = 1280, loss = 1793.4124, norm_loss= 0.2974
01:52:50    	training: t = 1300, loss = 4026.0513, norm_loss= 0.2776
01:53:14    	training: t = 1320, loss = 3237.6938, norm_loss= 0.2800
01:53:39    	training: t = 1340, loss = 2004.1180, norm_loss= 0.1582
01:54:03    	training: t = 1360, loss = 2543.2288, norm_loss= 0.2477
01:54:28    	training: t = 1380, loss = 3328.2620, norm_loss= 0.3153
01:54:53    	training: t = 1400, loss = 2009.0728, norm_loss= 0.2373
01:55:17    	training: t = 1420, loss = 2140.1580, norm_loss= 0.3189
01:55:42    	training: t = 1440, loss = 1980.4125, norm_loss= 0.2078
01:56:06    	training: t = 1460, loss = 1794.8375, norm_loss= 0.1759
01:56:31    	training: t = 1480, loss = 2885.2947, norm_loss= 0.2345
01:56:55    	training: t = 1500, loss = 1872.0034, norm_loss= 0.2116
01:57:20    	training: t = 1520, loss = 3088.0544, norm_loss= 0.2597
01:57:44    	training: t = 1540, loss = 2153.2478, norm_loss= 0.2509
01:58:09    	training: t = 1560, loss = 2295.2437, norm_loss= 0.2820
01:58:10    Running evaluation...
01:58:25    Eval norm l2 loss: 0.2739, norm total loss: 0.2739
01:58:49    	training: t = 1580, loss = 1008.8545, norm_loss= 0.2156
01:59:13    	training: t = 1600, loss = 1779.0526, norm_loss= 0.2690
01:59:38    	training: t = 1620, loss = 1337.5488, norm_loss= 0.1723
02:00:02    	training: t = 1640, loss = 2505.6753, norm_loss= 0.2949
02:00:27    	training: t = 1660, loss = 2481.9756, norm_loss= 0.3084
02:00:51    	training: t = 1680, loss = 2512.1221, norm_loss= 0.3272
02:01:16    	training: t = 1700, loss = 1441.3867, norm_loss= 0.2668
02:01:40    	training: t = 1720, loss = 2978.1448, norm_loss= 0.3318
02:02:05    	training: t = 1740, loss = 2263.8955, norm_loss= 0.2864
02:02:29    	training: t = 1760, loss = 3301.7905, norm_loss= 0.2335
02:02:54    	training: t = 1780, loss = 1590.5291, norm_loss= 0.2275
02:03:18    	training: t = 1800, loss = 1657.3157, norm_loss= 0.2316
02:03:43    	training: t = 1820, loss = 3566.6145, norm_loss= 0.2531
02:04:08    	training: t = 1840, loss = 1852.6746, norm_loss= 0.1667
02:04:32    	training: t = 1860, loss = 2167.5535, norm_loss= 0.4116
02:04:48    Running evaluation...
02:05:03    Eval norm l2 loss: 0.2735, norm total loss: 0.2735
02:05:12    	training: t = 1880, loss = 2737.8821, norm_loss= 0.1870
02:05:36    	training: t = 1900, loss = 3130.9438, norm_loss= 0.2347
02:06:01    	training: t = 1920, loss = 2191.4106, norm_loss= 0.2472
02:06:25    	training: t = 1940, loss = 2084.2598, norm_loss= 0.2382
02:06:50    	training: t = 1960, loss = 2119.1213, norm_loss= 0.2156
02:07:14    	training: t = 1980, loss = 1573.4198, norm_loss= 0.2927
02:07:39    	training: t = 2000, loss = 5295.9917, norm_loss= 0.3440
02:08:04    	training: t = 2020, loss = 1318.0950, norm_loss= 0.2641
02:08:28    	training: t = 2040, loss = 1974.3706, norm_loss= 0.2123
02:08:53    	training: t = 2060, loss = 3527.1721, norm_loss= 0.3516
02:09:17    	training: t = 2080, loss = 2738.3728, norm_loss= 0.3310
02:09:42    	training: t = 2100, loss = 3278.1260, norm_loss= 0.2153
02:10:06    	training: t = 2120, loss = 755.8843, norm_loss= 0.2989
02:10:31    	training: t = 2140, loss = 2719.6707, norm_loss= 0.2322
02:10:55    	training: t = 2160, loss = 2561.5298, norm_loss= 0.2832
02:11:20    	training: t = 2180, loss = 4072.2444, norm_loss= 0.3354
02:11:26    Running evaluation...
02:11:41    Eval norm l2 loss: 0.2731, norm total loss: 0.2731
02:11:59    	training: t = 2200, loss = 1778.9474, norm_loss= 0.2585
02:12:24    	training: t = 2220, loss = 1720.0363, norm_loss= 0.2263
02:12:49    	training: t = 2240, loss = 5383.7812, norm_loss= 0.2847
02:13:13    	training: t = 2260, loss = 1986.4135, norm_loss= 0.2824
02:13:38    	training: t = 2280, loss = 1570.5096, norm_loss= 0.2801
02:14:02    	training: t = 2300, loss = 1311.5255, norm_loss= 0.1742
02:14:27    	training: t = 2320, loss = 1860.1945, norm_loss= 0.2499
02:14:51    	training: t = 2340, loss = 3103.9648, norm_loss= 0.3124
02:15:16    	training: t = 2360, loss = 1919.6674, norm_loss= 0.2013
02:15:40    	training: t = 2380, loss = 3288.9543, norm_loss= 0.2313
02:16:05    	training: t = 2400, loss = 1892.4359, norm_loss= 0.1645
02:16:29    	training: t = 2420, loss = 2444.5022, norm_loss= 0.3664
02:16:54    	training: t = 2440, loss = 2707.2456, norm_loss= 0.1835
02:17:19    	training: t = 2460, loss = 1060.5247, norm_loss= 0.2104
02:17:43    	training: t = 2480, loss = 1951.4607, norm_loss= 0.2412
02:18:04    Running evaluation...
02:18:19    Eval norm l2 loss: 0.2727, norm total loss: 0.2727
02:18:23    	training: t = 2500, loss = 2963.1313, norm_loss= 0.2371
02:18:23    Starting epoch 9 / 9...
02:18:24    Running evaluation...
02:18:39    Eval norm l2 loss: 0.2727, norm total loss: 0.2727
02:19:02    	training: t = 20, loss = 5196.8027, norm_loss= 0.2689
02:19:27    	training: t = 40, loss = 2970.2190, norm_loss= 0.2698
02:19:52    	training: t = 60, loss = 3349.4973, norm_loss= 0.3026
02:20:16    	training: t = 80, loss = 3364.2585, norm_loss= 0.3961
02:20:41    	training: t = 100, loss = 3671.0764, norm_loss= 0.3511
02:21:05    	training: t = 120, loss = 3031.3528, norm_loss= 0.2859
02:21:30    	training: t = 140, loss = 2623.9946, norm_loss= 0.2424
02:21:54    	training: t = 160, loss = 1799.8010, norm_loss= 0.2572
02:22:19    	training: t = 180, loss = 2779.7046, norm_loss= 0.2655
02:22:43    	training: t = 200, loss = 1635.4200, norm_loss= 0.2717
02:23:08    	training: t = 220, loss = 2498.6375, norm_loss= 0.2024
02:23:32    	training: t = 240, loss = 2965.1558, norm_loss= 0.2742
02:23:57    	training: t = 260, loss = 2441.6299, norm_loss= 0.1984
02:24:21    	training: t = 280, loss = 2325.5056, norm_loss= 0.3151
02:24:46    	training: t = 300, loss = 2794.4888, norm_loss= 0.2833
02:25:02    Running evaluation...
02:25:17    Eval norm l2 loss: 0.2725, norm total loss: 0.2725
02:25:26    	training: t = 320, loss = 1455.1543, norm_loss= 0.1987
02:25:50    	training: t = 340, loss = 1890.6669, norm_loss= 0.1949
02:26:15    	training: t = 360, loss = 2293.3508, norm_loss= 0.2985
02:26:39    	training: t = 380, loss = 2056.0247, norm_loss= 0.1980
02:27:04    	training: t = 400, loss = 1930.6134, norm_loss= 0.2355
02:27:28    	training: t = 420, loss = 3208.7710, norm_loss= 0.2456
02:27:53    	training: t = 440, loss = 2501.7876, norm_loss= 0.2508
02:28:17    	training: t = 460, loss = 2739.3494, norm_loss= 0.2973
02:28:42    	training: t = 480, loss = 2190.9177, norm_loss= 0.2607
02:29:06    	training: t = 500, loss = 3437.9861, norm_loss= 0.2840
02:29:31    	training: t = 520, loss = 2672.3176, norm_loss= 0.2672
02:29:55    	training: t = 540, loss = 2390.0886, norm_loss= 0.2183
02:30:20    	training: t = 560, loss = 1867.8997, norm_loss= 0.3189
02:30:45    	training: t = 580, loss = 1671.1298, norm_loss= 0.2528
02:31:09    	training: t = 600, loss = 1607.6958, norm_loss= 0.2260
02:31:34    	training: t = 620, loss = 4282.5869, norm_loss= 0.3706
02:31:40    Running evaluation...
02:31:55    Eval norm l2 loss: 0.2718, norm total loss: 0.2718
02:32:13    	training: t = 640, loss = 1904.4719, norm_loss= 0.2284
02:32:38    	training: t = 660, loss = 2319.2842, norm_loss= 0.1964
02:33:02    	training: t = 680, loss = 2388.9644, norm_loss= 0.2699
02:33:27    	training: t = 700, loss = 2344.9126, norm_loss= 0.2392
02:33:51    	training: t = 720, loss = 1703.4465, norm_loss= 0.2149
02:34:16    	training: t = 740, loss = 2120.3081, norm_loss= 0.2650
02:34:41    	training: t = 760, loss = 946.6992, norm_loss= 0.2054
02:35:05    	training: t = 780, loss = 2484.5369, norm_loss= 0.2297
02:35:30    	training: t = 800, loss = 1230.3168, norm_loss= 0.2167
02:35:54    	training: t = 820, loss = 2127.7727, norm_loss= 0.2045
02:36:19    	training: t = 840, loss = 1618.8425, norm_loss= 0.2920
02:36:43    	training: t = 860, loss = 1492.2473, norm_loss= 0.2328
02:37:08    	training: t = 880, loss = 5119.2407, norm_loss= 0.2816
02:37:32    	training: t = 900, loss = 2479.5063, norm_loss= 0.2706
02:37:57    	training: t = 920, loss = 1629.7638, norm_loss= 0.2635
02:38:18    Running evaluation...
02:38:33    Eval norm l2 loss: 0.2717, norm total loss: 0.2717
02:38:36    	training: t = 940, loss = 4327.3164, norm_loss= 0.3446
02:39:01    	training: t = 960, loss = 2343.4341, norm_loss= 0.2262
02:39:26    	training: t = 980, loss = 3252.4082, norm_loss= 0.2462
02:39:50    	training: t = 1000, loss = 2770.9634, norm_loss= 0.2503
02:40:15    	training: t = 1020, loss = 1775.1189, norm_loss= 0.2721
02:40:39    	training: t = 1040, loss = 2508.1511, norm_loss= 0.1993
02:41:04    	training: t = 1060, loss = 2443.8337, norm_loss= 0.2941
02:41:28    	training: t = 1080, loss = 2303.3547, norm_loss= 0.2928
02:41:53    	training: t = 1100, loss = 1373.5696, norm_loss= 0.1812
02:42:17    	training: t = 1120, loss = 1190.8893, norm_loss= 0.3368
02:42:42    	training: t = 1140, loss = 3908.4827, norm_loss= 0.2524
02:43:06    	training: t = 1160, loss = 1348.4856, norm_loss= 0.2250
02:43:31    	training: t = 1180, loss = 2022.7643, norm_loss= 0.2373
02:43:55    	training: t = 1200, loss = 2078.5239, norm_loss= 0.1915
02:44:20    	training: t = 1220, loss = 1738.0317, norm_loss= 0.1607
02:44:44    	training: t = 1240, loss = 2556.1733, norm_loss= 0.2507
02:44:56    Running evaluation...
02:45:11    Eval norm l2 loss: 0.2713, norm total loss: 0.2713
02:45:24    	training: t = 1260, loss = 2230.7966, norm_loss= 0.2028
02:45:49    	training: t = 1280, loss = 1520.7792, norm_loss= 0.1791
02:46:13    	training: t = 1300, loss = 1848.8419, norm_loss= 0.2249
02:46:38    	training: t = 1320, loss = 1369.3792, norm_loss= 0.2535
02:47:02    	training: t = 1340, loss = 1823.5010, norm_loss= 0.2077
02:47:27    	training: t = 1360, loss = 2013.4998, norm_loss= 0.2374
02:47:51    	training: t = 1380, loss = 1252.3687, norm_loss= 0.1755
02:48:16    	training: t = 1400, loss = 1392.8405, norm_loss= 0.2305
02:48:41    	training: t = 1420, loss = 2436.2112, norm_loss= 0.2049
02:49:05    	training: t = 1440, loss = 2105.4985, norm_loss= 0.2401
02:49:30    	training: t = 1460, loss = 2883.8203, norm_loss= 0.2556
02:49:54    	training: t = 1480, loss = 1437.1340, norm_loss= 0.1663
02:50:19    	training: t = 1500, loss = 1611.9745, norm_loss= 0.1789
02:50:43    	training: t = 1520, loss = 4082.4290, norm_loss= 0.2261
02:51:08    	training: t = 1540, loss = 1218.4133, norm_loss= 0.1651
02:51:32    	training: t = 1560, loss = 2259.9556, norm_loss= 0.2601
02:51:33    Running evaluation...
02:51:49    Eval norm l2 loss: 0.2711, norm total loss: 0.2711
02:52:12    	training: t = 1580, loss = 2491.0613, norm_loss= 0.2027
02:52:36    	training: t = 1600, loss = 2059.6653, norm_loss= 0.1829
02:53:01    	training: t = 1620, loss = 2549.3682, norm_loss= 0.2527
02:53:26    	training: t = 1640, loss = 2863.4106, norm_loss= 0.2473
02:53:50    	training: t = 1660, loss = 955.9948, norm_loss= 0.1896
02:54:15    	training: t = 1680, loss = 3291.8271, norm_loss= 0.2226
02:54:39    	training: t = 1700, loss = 3879.0715, norm_loss= 0.2337
02:55:04    	training: t = 1720, loss = 1761.1521, norm_loss= 0.1757
02:55:28    	training: t = 1740, loss = 2981.4670, norm_loss= 0.2400
02:55:53    	training: t = 1760, loss = 2299.1279, norm_loss= 0.2849
02:56:17    	training: t = 1780, loss = 1763.4097, norm_loss= 0.2569
02:56:42    	training: t = 1800, loss = 2530.1426, norm_loss= 0.2272
02:57:06    	training: t = 1820, loss = 2285.9866, norm_loss= 0.2461
02:57:31    	training: t = 1840, loss = 3190.6487, norm_loss= 0.2974
02:57:55    	training: t = 1860, loss = 2537.1851, norm_loss= 0.1673
02:58:11    Running evaluation...
02:58:27    Eval norm l2 loss: 0.2709, norm total loss: 0.2709
02:58:35    	training: t = 1880, loss = 3327.2131, norm_loss= 0.3656
02:59:00    	training: t = 1900, loss = 1807.3237, norm_loss= 0.2473
02:59:24    	training: t = 1920, loss = 1501.5039, norm_loss= 0.2507
02:59:49    	training: t = 1940, loss = 2861.7429, norm_loss= 0.2833
03:00:13    	training: t = 1960, loss = 1293.9113, norm_loss= 0.2381
03:00:38    	training: t = 1980, loss = 1168.2722, norm_loss= 0.2445
03:01:02    	training: t = 2000, loss = 2055.7058, norm_loss= 0.2374
03:01:27    	training: t = 2020, loss = 1197.1040, norm_loss= 0.2358
03:01:51    	training: t = 2040, loss = 2878.2126, norm_loss= 0.3422
03:02:16    	training: t = 2060, loss = 2224.8477, norm_loss= 0.1976
03:02:40    	training: t = 2080, loss = 3090.0522, norm_loss= 0.3049
03:03:05    	training: t = 2100, loss = 2824.0999, norm_loss= 0.3128
03:03:29    	training: t = 2120, loss = 2880.9233, norm_loss= 0.1870
03:03:54    	training: t = 2140, loss = 2145.0461, norm_loss= 0.2611
03:04:18    	training: t = 2160, loss = 3319.1597, norm_loss= 0.2942
03:04:43    	training: t = 2180, loss = 2273.2891, norm_loss= 0.1867
03:04:49    Running evaluation...
03:05:04    Eval norm l2 loss: 0.2708, norm total loss: 0.2708
03:05:23    	training: t = 2200, loss = 2559.9265, norm_loss= 0.2419
03:05:47    	training: t = 2220, loss = 1020.7057, norm_loss= 0.1941
03:06:12    	training: t = 2240, loss = 2694.9561, norm_loss= 0.2634
03:06:36    	training: t = 2260, loss = 1592.1521, norm_loss= 0.2310
03:07:01    	training: t = 2280, loss = 2381.3047, norm_loss= 0.2265
03:07:25    	training: t = 2300, loss = 1303.0493, norm_loss= 0.2549
03:07:50    	training: t = 2320, loss = 1610.4642, norm_loss= 0.1737
03:08:14    	training: t = 2340, loss = 1945.4982, norm_loss= 0.2115
03:08:39    	training: t = 2360, loss = 1193.6196, norm_loss= 0.2008
03:09:03    	training: t = 2380, loss = 1942.9962, norm_loss= 0.3581
03:09:28    	training: t = 2400, loss = 1975.7175, norm_loss= 0.2481
03:09:53    	training: t = 2420, loss = 3548.6414, norm_loss= 0.2140
03:10:17    	training: t = 2440, loss = 2662.9880, norm_loss= 0.2861
03:10:42    	training: t = 2460, loss = 2580.2673, norm_loss= 0.2162
03:11:06    	training: t = 2480, loss = 1262.3071, norm_loss= 0.1886
03:11:27    Running evaluation...
03:11:42    Eval norm l2 loss: 0.2704, norm total loss: 0.2704
03:11:46    	training: t = 2500, loss = 1864.7444, norm_loss= 0.2582
03:11:55    Running evaluation...
03:12:12    Eval norm l2 loss: 0.2704, norm total loss: 0.2704
