Loading dataset...
Reading cached numpy data in from file...
Making loaders...
Beginning to run model...
Starting epoch 1 / 20...
Running evaluation...
Eval norm l2 loss: 1.0063, norm total loss: 1.0069
	training: t = 20, loss = 37489.8242, norm_loss= 0.9826
	training: t = 40, loss = 12296.6133, norm_loss= 0.9773
	training: t = 60, loss = 14707.3457, norm_loss= 0.9794
	training: t = 80, loss = 11923.9648, norm_loss= 1.0012
	training: t = 100, loss = 2690.4370, norm_loss= 1.1347
Running evaluation...
Eval norm l2 loss: 0.9792, norm total loss: 0.9712
	training: t = 120, loss = 33499.0586, norm_loss= 0.9665
	training: t = 140, loss = 39648.9922, norm_loss= 0.9723
	training: t = 160, loss = 45559.2891, norm_loss= 0.9612
	training: t = 180, loss = 44603.4453, norm_loss= 0.9570
	training: t = 200, loss = 41742.7383, norm_loss= 0.9647
Running evaluation...
Eval norm l2 loss: 0.9694, norm total loss: 0.9615
	training: t = 220, loss = 40098.0586, norm_loss= 0.9799
	training: t = 240, loss = 38244.5391, norm_loss= 0.8980
Starting epoch 2 / 20...
Running evaluation...
Eval norm l2 loss: 0.9172, norm total loss: 0.9195
	training: t = 20, loss = 33717.6016, norm_loss= 0.8837
	training: t = 40, loss = 11814.6455, norm_loss= 0.9390
	training: t = 60, loss = 12595.9932, norm_loss= 0.8388
	training: t = 80, loss = 9470.7920, norm_loss= 0.7952
	training: t = 100, loss = 2197.2979, norm_loss= 0.9267
Running evaluation...
Eval norm l2 loss: 0.8673, norm total loss: 0.8731
	training: t = 120, loss = 27036.3516, norm_loss= 0.7801
	training: t = 140, loss = 30161.5176, norm_loss= 0.7396
	training: t = 160, loss = 35526.6953, norm_loss= 0.7495
	training: t = 180, loss = 32123.4102, norm_loss= 0.6893
	training: t = 200, loss = 28560.3906, norm_loss= 0.6600
Running evaluation...
Eval norm l2 loss: 0.6981, norm total loss: 0.7135
	training: t = 220, loss = 29570.5000, norm_loss= 0.7226
	training: t = 240, loss = 28790.1406, norm_loss= 0.6760
Starting epoch 3 / 20...
Running evaluation...
Eval norm l2 loss: 0.6252, norm total loss: 0.6344
	training: t = 20, loss = 26817.3516, norm_loss= 0.7029
	training: t = 40, loss = 9857.1270, norm_loss= 0.7834
	training: t = 60, loss = 10110.6035, norm_loss= 0.6733
	training: t = 80, loss = 6576.7778, norm_loss= 0.5522
	training: t = 100, loss = 1817.1134, norm_loss= 0.7664
Running evaluation...
Eval norm l2 loss: 0.7265, norm total loss: 0.7184
	training: t = 120, loss = 21684.9688, norm_loss= 0.6257
	training: t = 140, loss = 24344.5547, norm_loss= 0.5970
	training: t = 160, loss = 29111.0977, norm_loss= 0.6142
	training: t = 180, loss = 26611.7930, norm_loss= 0.5710
	training: t = 200, loss = 25262.8281, norm_loss= 0.5838
Running evaluation...
Eval norm l2 loss: 0.6069, norm total loss: 0.6239
	training: t = 220, loss = 26335.7461, norm_loss= 0.6436
	training: t = 240, loss = 25436.4473, norm_loss= 0.5972
Starting epoch 4 / 20...
Running evaluation...
Eval norm l2 loss: 0.5660, norm total loss: 0.5793
	training: t = 20, loss = 23201.5391, norm_loss= 0.6081
	training: t = 40, loss = 9746.0234, norm_loss= 0.7746
	training: t = 60, loss = 9031.4062, norm_loss= 0.6014
	training: t = 80, loss = 6135.7783, norm_loss= 0.5152
	training: t = 100, loss = 1767.2908, norm_loss= 0.7453
Running evaluation...
Eval norm l2 loss: 0.6614, norm total loss: 0.6766
	training: t = 120, loss = 20591.2148, norm_loss= 0.5941
	training: t = 140, loss = 22095.6582, norm_loss= 0.5418
	training: t = 160, loss = 26619.4355, norm_loss= 0.5616
	training: t = 180, loss = 26459.8008, norm_loss= 0.5677
	training: t = 200, loss = 23705.6055, norm_loss= 0.5478
Running evaluation...
Eval norm l2 loss: 0.5693, norm total loss: 0.5787
	training: t = 220, loss = 23925.6094, norm_loss= 0.5847
	training: t = 240, loss = 23950.6133, norm_loss= 0.5624
Starting epoch 5 / 20...
Running evaluation...
Eval norm l2 loss: 0.5252, norm total loss: 0.5421
	training: t = 20, loss = 21800.7227, norm_loss= 0.5714
	training: t = 40, loss = 8872.9668, norm_loss= 0.7052
	training: t = 60, loss = 8664.4756, norm_loss= 0.5770
	training: t = 80, loss = 5874.3906, norm_loss= 0.4933
	training: t = 100, loss = 1709.0840, norm_loss= 0.7208
Running evaluation...
Eval norm l2 loss: 0.6208, norm total loss: 0.6334
	training: t = 120, loss = 19006.0391, norm_loss= 0.5484
	training: t = 140, loss = 20577.2812, norm_loss= 0.5046
	training: t = 160, loss = 24680.0039, norm_loss= 0.5207
	training: t = 180, loss = 25110.6641, norm_loss= 0.5388
	training: t = 200, loss = 23008.8535, norm_loss= 0.5317
Running evaluation...
Eval norm l2 loss: 0.5474, norm total loss: 0.5545
	training: t = 220, loss = 23585.2305, norm_loss= 0.5763
	training: t = 240, loss = 23090.3203, norm_loss= 0.5422
Starting epoch 6 / 20...
Running evaluation...
Eval norm l2 loss: 0.4979, norm total loss: 0.5115
	training: t = 20, loss = 22297.6582, norm_loss= 0.5844
	training: t = 40, loss = 8070.7129, norm_loss= 0.6414
	training: t = 60, loss = 7953.2451, norm_loss= 0.5296
	training: t = 80, loss = 5718.3032, norm_loss= 0.4801
	training: t = 100, loss = 1650.7120, norm_loss= 0.6962
Running evaluation...
Eval norm l2 loss: 0.5844, norm total loss: 0.6063
	training: t = 120, loss = 17759.7656, norm_loss= 0.5124
	training: t = 140, loss = 20414.7637, norm_loss= 0.5006
	training: t = 160, loss = 24031.4648, norm_loss= 0.5070
	training: t = 180, loss = 22933.2500, norm_loss= 0.4921
	training: t = 200, loss = 21368.9141, norm_loss= 0.4938
Running evaluation...
Eval norm l2 loss: 0.5233, norm total loss: 0.5284
	training: t = 220, loss = 22136.0664, norm_loss= 0.5409
	training: t = 240, loss = 21769.7773, norm_loss= 0.5111
Starting epoch 7 / 20...
Running evaluation...
Eval norm l2 loss: 0.5043, norm total loss: 0.5088
	training: t = 20, loss = 19928.7539, norm_loss= 0.5223
	training: t = 40, loss = 7835.3569, norm_loss= 0.6227
	training: t = 60, loss = 7219.5254, norm_loss= 0.4808
	training: t = 80, loss = 5431.2290, norm_loss= 0.4560
	training: t = 100, loss = 1686.0463, norm_loss= 0.7111
Running evaluation...
Eval norm l2 loss: 0.5956, norm total loss: 0.6049
	training: t = 120, loss = 17324.5938, norm_loss= 0.4999
	training: t = 140, loss = 19147.5918, norm_loss= 0.4695
	training: t = 160, loss = 23306.8984, norm_loss= 0.4917
	training: t = 180, loss = 21816.6602, norm_loss= 0.4681
	training: t = 200, loss = 20788.9727, norm_loss= 0.4804
Running evaluation...
Eval norm l2 loss: 0.5039, norm total loss: 0.5219
	training: t = 220, loss = 21284.2656, norm_loss= 0.5201
	training: t = 240, loss = 21325.2422, norm_loss= 0.5007
Starting epoch 8 / 20...
Running evaluation...
Eval norm l2 loss: 0.4910, norm total loss: 0.5033
	training: t = 20, loss = 18990.0664, norm_loss= 0.4977
	training: t = 40, loss = 7690.8467, norm_loss= 0.6112
	training: t = 60, loss = 6691.8916, norm_loss= 0.4456
	training: t = 80, loss = 5370.6562, norm_loss= 0.4510
	training: t = 100, loss = 1678.0737, norm_loss= 0.7077
Running evaluation...
Eval norm l2 loss: 0.5495, norm total loss: 0.5616
	training: t = 120, loss = 16557.1699, norm_loss= 0.4777
	training: t = 140, loss = 18777.0098, norm_loss= 0.4605
	training: t = 160, loss = 22278.7812, norm_loss= 0.4700
	training: t = 180, loss = 21046.9941, norm_loss= 0.4516
	training: t = 200, loss = 19927.8203, norm_loss= 0.4605
Running evaluation...
Eval norm l2 loss: 0.4797, norm total loss: 0.4967
	training: t = 220, loss = 20899.6055, norm_loss= 0.5107
	training: t = 240, loss = 20714.6250, norm_loss= 0.4864
Starting epoch 9 / 20...
Running evaluation...
Eval norm l2 loss: 0.4753, norm total loss: 0.4922
	training: t = 20, loss = 19486.3750, norm_loss= 0.5107
	training: t = 40, loss = 7502.6973, norm_loss= 0.5963
	training: t = 60, loss = 6570.0312, norm_loss= 0.4375
	training: t = 80, loss = 5266.7803, norm_loss= 0.4422
	training: t = 100, loss = 1603.1726, norm_loss= 0.6761
Running evaluation...
Eval norm l2 loss: 0.5397, norm total loss: 0.5497
	training: t = 120, loss = 15875.6367, norm_loss= 0.4581
	training: t = 140, loss = 17662.1289, norm_loss= 0.4331
	training: t = 160, loss = 22246.8320, norm_loss= 0.4694
	training: t = 180, loss = 20023.3770, norm_loss= 0.4296
	training: t = 200, loss = 19370.9297, norm_loss= 0.4477
Running evaluation...
Eval norm l2 loss: 0.4788, norm total loss: 0.4982
	training: t = 220, loss = 20973.7930, norm_loss= 0.5125
	training: t = 240, loss = 20133.2949, norm_loss= 0.4727
Starting epoch 10 / 20...
Running evaluation...
Eval norm l2 loss: 0.4771, norm total loss: 0.4875
	training: t = 20, loss = 18713.6836, norm_loss= 0.4905
	training: t = 40, loss = 7040.7393, norm_loss= 0.5596
	training: t = 60, loss = 6823.5996, norm_loss= 0.4544
	training: t = 80, loss = 5002.0137, norm_loss= 0.4200
	training: t = 100, loss = 1621.1829, norm_loss= 0.6837
Running evaluation...
Eval norm l2 loss: 0.5315, norm total loss: 0.5399
	training: t = 120, loss = 15494.6973, norm_loss= 0.4471
	training: t = 140, loss = 17495.8184, norm_loss= 0.4290
	training: t = 160, loss = 21669.0195, norm_loss= 0.4572
	training: t = 180, loss = 19437.7129, norm_loss= 0.4171
	training: t = 200, loss = 19075.0449, norm_loss= 0.4408
Running evaluation...
Eval norm l2 loss: 0.4913, norm total loss: 0.4985
	training: t = 220, loss = 19902.4355, norm_loss= 0.4863
	training: t = 240, loss = 20414.4805, norm_loss= 0.4793
Starting epoch 11 / 20...
Running evaluation...
Eval norm l2 loss: 0.4591, norm total loss: 0.4736
	training: t = 20, loss = 18485.0254, norm_loss= 0.4845
	training: t = 40, loss = 6852.3057, norm_loss= 0.5446
	training: t = 60, loss = 6028.6299, norm_loss= 0.4015
	training: t = 80, loss = 4894.6431, norm_loss= 0.4110
	training: t = 100, loss = 1555.5577, norm_loss= 0.6560
Running evaluation...
Eval norm l2 loss: 0.5080, norm total loss: 0.5179
	training: t = 120, loss = 15172.4580, norm_loss= 0.4378
	training: t = 140, loss = 17404.2422, norm_loss= 0.4268
	training: t = 160, loss = 21926.3887, norm_loss= 0.4626
	training: t = 180, loss = 19181.5879, norm_loss= 0.4116
	training: t = 200, loss = 19493.8242, norm_loss= 0.4505
Running evaluation...
Eval norm l2 loss: 0.4608, norm total loss: 0.4727
	training: t = 220, loss = 20160.7734, norm_loss= 0.4927
	training: t = 240, loss = 21606.6270, norm_loss= 0.5073
Starting epoch 12 / 20...
Running evaluation...
Eval norm l2 loss: 0.4460, norm total loss: 0.4590
	training: t = 20, loss = 16542.3105, norm_loss= 0.4336
	training: t = 40, loss = 7464.0024, norm_loss= 0.5932
	training: t = 60, loss = 6028.2031, norm_loss= 0.4014
	training: t = 80, loss = 4782.0156, norm_loss= 0.4015
	training: t = 100, loss = 1551.7606, norm_loss= 0.6544
Running evaluation...
Eval norm l2 loss: 0.5051, norm total loss: 0.5125
	training: t = 120, loss = 14868.6211, norm_loss= 0.4290
	training: t = 140, loss = 16735.0645, norm_loss= 0.4104
	training: t = 160, loss = 20393.1172, norm_loss= 0.4303
	training: t = 180, loss = 18702.7656, norm_loss= 0.4013
	training: t = 200, loss = 17704.5586, norm_loss= 0.4092
Running evaluation...
Eval norm l2 loss: 0.4392, norm total loss: 0.4577
	training: t = 220, loss = 18742.7715, norm_loss= 0.4580
	training: t = 240, loss = 19087.5430, norm_loss= 0.4482
Starting epoch 13 / 20...
Running evaluation...
Eval norm l2 loss: 0.4253, norm total loss: 0.4439
	training: t = 20, loss = 16207.6279, norm_loss= 0.4248
	training: t = 40, loss = 6899.6880, norm_loss= 0.5483
	training: t = 60, loss = 6230.7275, norm_loss= 0.4149
	training: t = 80, loss = 4723.8286, norm_loss= 0.3966
	training: t = 100, loss = 1684.6932, norm_loss= 0.7105
Running evaluation...
Eval norm l2 loss: 0.5056, norm total loss: 0.5109
	training: t = 120, loss = 15150.9336, norm_loss= 0.4371
	training: t = 140, loss = 16525.2969, norm_loss= 0.4052
	training: t = 160, loss = 19535.2441, norm_loss= 0.4122
	training: t = 180, loss = 19444.2637, norm_loss= 0.4172
	training: t = 200, loss = 18343.1719, norm_loss= 0.4239
Running evaluation...
Eval norm l2 loss: 0.4493, norm total loss: 0.4646
	training: t = 220, loss = 19609.1035, norm_loss= 0.4792
	training: t = 240, loss = 20228.6523, norm_loss= 0.4750
Starting epoch 14 / 20...
Running evaluation...
Eval norm l2 loss: 0.4428, norm total loss: 0.4609
	training: t = 20, loss = 16660.6602, norm_loss= 0.4367
	training: t = 40, loss = 6728.8882, norm_loss= 0.5348
	training: t = 60, loss = 5596.8813, norm_loss= 0.3727
	training: t = 80, loss = 4647.6943, norm_loss= 0.3902
	training: t = 100, loss = 1889.1573, norm_loss= 0.7967
Running evaluation...
Eval norm l2 loss: 0.4729, norm total loss: 0.4880
	training: t = 120, loss = 14539.3555, norm_loss= 0.4195
	training: t = 140, loss = 16395.9766, norm_loss= 0.4021
	training: t = 160, loss = 19675.2305, norm_loss= 0.4151
	training: t = 180, loss = 17826.7266, norm_loss= 0.3825
	training: t = 200, loss = 18159.1816, norm_loss= 0.4197
Running evaluation...
Eval norm l2 loss: 0.4386, norm total loss: 0.4537
	training: t = 220, loss = 18428.0664, norm_loss= 0.4503
	training: t = 240, loss = 18410.0586, norm_loss= 0.4323
Starting epoch 15 / 20...
Running evaluation...
Eval norm l2 loss: 0.4126, norm total loss: 0.4326
	training: t = 20, loss = 15160.8516, norm_loss= 0.3974
	training: t = 40, loss = 6610.0693, norm_loss= 0.5253
	training: t = 60, loss = 6218.8052, norm_loss= 0.4141
	training: t = 80, loss = 4434.0293, norm_loss= 0.3723
	training: t = 100, loss = 1561.8489, norm_loss= 0.6587
Running evaluation...
Eval norm l2 loss: 0.5131, norm total loss: 0.5045
	training: t = 120, loss = 15153.8262, norm_loss= 0.4372
	training: t = 140, loss = 17260.4141, norm_loss= 0.4233
	training: t = 160, loss = 19625.3828, norm_loss= 0.4141
	training: t = 180, loss = 18544.9609, norm_loss= 0.3979
	training: t = 200, loss = 17500.8887, norm_loss= 0.4045
Running evaluation...
Eval norm l2 loss: 0.4177, norm total loss: 0.4372
	training: t = 220, loss = 17842.0352, norm_loss= 0.4360
	training: t = 240, loss = 18199.3301, norm_loss= 0.4273
Starting epoch 16 / 20...
Running evaluation...
Eval norm l2 loss: 0.4177, norm total loss: 0.4367
	training: t = 20, loss = 17410.9453, norm_loss= 0.4563
	training: t = 40, loss = 6575.2246, norm_loss= 0.5226
	training: t = 60, loss = 5472.4902, norm_loss= 0.3644
	training: t = 80, loss = 4509.3872, norm_loss= 0.3786
	training: t = 100, loss = 1636.5616, norm_loss= 0.6902
Running evaluation...
Eval norm l2 loss: 0.4723, norm total loss: 0.4855
	training: t = 120, loss = 14371.4805, norm_loss= 0.4147
	training: t = 140, loss = 16474.4844, norm_loss= 0.4040
	training: t = 160, loss = 19352.5078, norm_loss= 0.4083
	training: t = 180, loss = 17741.0117, norm_loss= 0.3807
	training: t = 200, loss = 17298.3105, norm_loss= 0.3998
Running evaluation...
Eval norm l2 loss: 0.4223, norm total loss: 0.4416
	training: t = 220, loss = 17934.8223, norm_loss= 0.4383
	training: t = 240, loss = 17836.8477, norm_loss= 0.4188
Starting epoch 17 / 20...
Running evaluation...
Eval norm l2 loss: 0.4067, norm total loss: 0.4236
	training: t = 20, loss = 16356.7793, norm_loss= 0.4287
	training: t = 40, loss = 6308.8623, norm_loss= 0.5014
	training: t = 60, loss = 5076.6284, norm_loss= 0.3381
	training: t = 80, loss = 4350.0083, norm_loss= 0.3653
	training: t = 100, loss = 1518.6638, norm_loss= 0.6405
Running evaluation...
Eval norm l2 loss: 0.4665, norm total loss: 0.4710
	training: t = 120, loss = 13875.3477, norm_loss= 0.4003
	training: t = 140, loss = 15704.2793, norm_loss= 0.3851
	training: t = 160, loss = 18172.7500, norm_loss= 0.3834
	training: t = 180, loss = 17067.4141, norm_loss= 0.3662
	training: t = 200, loss = 16508.5156, norm_loss= 0.3815
Running evaluation...
Eval norm l2 loss: 0.4194, norm total loss: 0.4394
	training: t = 220, loss = 17283.0000, norm_loss= 0.4223
	training: t = 240, loss = 18266.6855, norm_loss= 0.4289
Starting epoch 18 / 20...
Running evaluation...
Eval norm l2 loss: 0.4052, norm total loss: 0.4247
	training: t = 20, loss = 17584.0898, norm_loss= 0.4609
	training: t = 40, loss = 6505.2979, norm_loss= 0.5170
	training: t = 60, loss = 4988.2988, norm_loss= 0.3322
	training: t = 80, loss = 4346.2456, norm_loss= 0.3649
	training: t = 100, loss = 1534.5085, norm_loss= 0.6472
Running evaluation...
Eval norm l2 loss: 0.4498, norm total loss: 0.4663
	training: t = 120, loss = 13412.8770, norm_loss= 0.3870
	training: t = 140, loss = 15347.1406, norm_loss= 0.3763
	training: t = 160, loss = 17807.7148, norm_loss= 0.3757
	training: t = 180, loss = 16991.5410, norm_loss= 0.3646
	training: t = 200, loss = 17195.3613, norm_loss= 0.3974
Running evaluation...
Eval norm l2 loss: 0.4379, norm total loss: 0.4590
	training: t = 220, loss = 17897.6758, norm_loss= 0.4374
	training: t = 240, loss = 17633.5508, norm_loss= 0.4140
Starting epoch 19 / 20...
Running evaluation...
Eval norm l2 loss: 0.4440, norm total loss: 0.4591
	training: t = 20, loss = 15563.0684, norm_loss= 0.4079
	training: t = 40, loss = 6222.7754, norm_loss= 0.4945
	training: t = 60, loss = 5042.9854, norm_loss= 0.3358
	training: t = 80, loss = 4095.3979, norm_loss= 0.3439
	training: t = 100, loss = 1472.6290, norm_loss= 0.6211
Running evaluation...
Eval norm l2 loss: 0.4938, norm total loss: 0.4903
	training: t = 120, loss = 13677.7871, norm_loss= 0.3946
	training: t = 140, loss = 15231.5449, norm_loss= 0.3735
	training: t = 160, loss = 18712.0566, norm_loss= 0.3948
	training: t = 180, loss = 17070.9141, norm_loss= 0.3663
	training: t = 200, loss = 16231.4160, norm_loss= 0.3751
Running evaluation...
Eval norm l2 loss: 0.4233, norm total loss: 0.4443
	training: t = 220, loss = 17093.4219, norm_loss= 0.4177
	training: t = 240, loss = 19196.8164, norm_loss= 0.4507
Starting epoch 20 / 20...
Running evaluation...
Eval norm l2 loss: 0.4249, norm total loss: 0.4432
	training: t = 20, loss = 15443.7148, norm_loss= 0.4048
	training: t = 40, loss = 6082.0615, norm_loss= 0.4834
	training: t = 60, loss = 5142.0195, norm_loss= 0.3424
	training: t = 80, loss = 4201.2568, norm_loss= 0.3528
	training: t = 100, loss = 1486.5588, norm_loss= 0.6269
Running evaluation...
Eval norm l2 loss: 0.4320, norm total loss: 0.4489
	training: t = 120, loss = 13282.0996, norm_loss= 0.3832
	training: t = 140, loss = 14935.5469, norm_loss= 0.3663
	training: t = 160, loss = 19143.4668, norm_loss= 0.4039
	training: t = 180, loss = 16345.2939, norm_loss= 0.3507
	training: t = 200, loss = 16639.0703, norm_loss= 0.3845
Running evaluation...
Eval norm l2 loss: 0.4361, norm total loss: 0.4545
	training: t = 220, loss = 17700.7051, norm_loss= 0.4325
	training: t = 240, loss = 19166.9004, norm_loss= 0.4500
Running evaluation...
Eval norm l2 loss: 0.4065, norm total loss: 0.4236
